<?xml version="1.0" encoding="UTF-8"?>
<coverage generated="1250414112" phpunit="3.3.17">
  <project name="Storefront" timestamp="1250414112">
    <file name="/home/keith/www/chapter10new/trunk/library/SF/Model/Abstract.php">
      <class name="SF_Model_Abstract" namespace="global" fullPackage="SF_Model" category="Storefront" package="SF_Model">
        <metrics methods="7" coveredmethods="7" statements="31" coveredstatements="36" elements="38" coveredelements="43"/>
      </class>
      <line num="0" type="stmt" count="2"/>
      <line num="38" type="method" count="36"/>
      <line num="40" type="stmt" count="36"/>
      <line num="41" type="stmt" count="0"/>
      <line num="44" type="stmt" count="36"/>
      <line num="45" type="stmt" count="12"/>
      <line num="48" type="stmt" count="36"/>
      <line num="49" type="stmt" count="36"/>
      <line num="54" type="method" count="25"/>
      <line num="55" type="stmt" count="25"/>
      <line num="63" type="method" count="12"/>
      <line num="65" type="stmt" count="12"/>
      <line num="66" type="stmt" count="12"/>
      <line num="68" type="stmt" count="12"/>
      <line num="69" type="stmt" count="12"/>
      <line num="70" type="stmt" count="12"/>
      <line num="71" type="stmt" count="12"/>
      <line num="73" type="stmt" count="12"/>
      <line num="74" type="stmt" count="12"/>
      <line num="83" type="method" count="19"/>
      <line num="85" type="stmt" count="19"/>
      <line num="86" type="stmt" count="19"/>
      <line num="87" type="stmt" count="19"/>
      <line num="88" type="stmt" count="19"/>
      <line num="89" type="stmt" count="19"/>
      <line num="90" type="stmt" count="19"/>
      <line num="91" type="stmt" count="19"/>
      <line num="93" type="stmt" count="19"/>
      <line num="102" type="method" count="6"/>
      <line num="104" type="stmt" count="6"/>
      <line num="105" type="stmt" count="6"/>
      <line num="106" type="stmt" count="6"/>
      <line num="107" type="stmt" count="6"/>
      <line num="108" type="stmt" count="6"/>
      <line num="109" type="stmt" count="6"/>
      <line num="110" type="stmt" count="6"/>
      <line num="112" type="stmt" count="6"/>
      <line num="121" type="method" count="20"/>
      <line num="123" type="stmt" count="20"/>
      <line num="124" type="stmt" count="20"/>
      <line num="135" type="method" count="20"/>
      <line num="137" type="stmt" count="20"/>
      <line num="138" type="stmt" count="0"/>
      <line num="139" type="stmt" count="20"/>
      <line num="140" type="stmt" count="20"/>
      <line num="141" type="stmt" count="20"/>
      <metrics loc="143" ncloc="80" classes="1" methods="7" coveredmethods="7" statements="39" coveredstatements="37" elements="46" coveredelements="44"/>
    </file>
    <file name="/usr/local/zend/share/ZendFramework/library/Zend/Acl/Resource/Interface.php">
      <line num="36" type="stmt" count="0"/>
      <metrics loc="37" ncloc="7" classes="0" methods="0" coveredmethods="0" statements="1" coveredstatements="0" elements="1" coveredelements="0"/>
    </file>
    <file name="/usr/local/zend/share/ZendFramework/library/Zend/Loader/Autoloader.php">
      <class name="Zend_Loader_Autoloader" namespace="global" fullPackage="Zend_Loader.Autoloader" package="Zend_Loader" subpackage="Autoloader">
        <metrics methods="21" coveredmethods="15" statements="107" coveredstatements="70" elements="128" coveredelements="85"/>
      </class>
      <line num="0" type="stmt" count="9"/>
      <line num="85" type="method" count="29"/>
      <line num="87" type="stmt" count="29"/>
      <line num="88" type="stmt" count="27"/>
      <line num="90" type="stmt" count="29"/>
      <line num="98" type="method" count="27"/>
      <line num="100" type="stmt" count="27"/>
      <line num="101" type="stmt" count="27"/>
      <line num="109" type="method" count="9"/>
      <line num="111" type="stmt" count="9"/>
      <line num="113" type="stmt" count="9"/>
      <line num="114" type="stmt" count="9"/>
      <line num="115" type="stmt" count="7"/>
      <line num="116" type="stmt" count="7"/>
      <line num="118" type="stmt" count="6"/>
      <line num="119" type="stmt" count="0"/>
      <line num="120" type="stmt" count="0"/>
      <line num="122" type="stmt" count="6"/>
      <line num="123" type="stmt" count="6"/>
      <line num="124" type="stmt" count="6"/>
      <line num="125" type="stmt" count="6"/>
      <line num="126" type="stmt" count="6"/>
      <line num="129" type="stmt" count="0"/>
      <line num="131" type="stmt" count="0"/>
      <line num="140" type="method" count="0"/>
      <line num="142" type="stmt" count="0"/>
      <line num="143" type="stmt" count="0"/>
      <line num="146" type="stmt" count="0"/>
      <line num="147" type="stmt" count="0"/>
      <line num="155" type="method" count="6"/>
      <line num="157" type="stmt" count="6"/>
      <line num="166" type="method" count="27"/>
      <line num="168" type="stmt" count="27"/>
      <line num="169" type="stmt" count="27"/>
      <line num="177" type="method" count="27"/>
      <line num="179" type="stmt" count="27"/>
      <line num="188" type="method" count="29"/>
      <line num="190" type="stmt" count="29"/>
      <line num="191" type="stmt" count="29"/>
      <line num="192" type="stmt" count="29"/>
      <line num="194" type="stmt" count="18"/>
      <line num="203" type="method" count="27"/>
      <line num="205" type="stmt" count="27"/>
      <line num="206" type="stmt" count="27"/>
      <line num="207" type="stmt" count="27"/>
      <line num="208" type="stmt" count="0"/>
      <line num="211" type="stmt" count="27"/>
      <line num="212" type="stmt" count="27"/>
      <line num="213" type="stmt" count="27"/>
      <line num="215" type="stmt" count="27"/>
      <line num="216" type="stmt" count="27"/>
      <line num="225" type="method" count="0"/>
      <line num="227" type="stmt" count="0"/>
      <line num="228" type="stmt" count="0"/>
      <line num="229" type="stmt" count="0"/>
      <line num="230" type="stmt" count="0"/>
      <line num="233" type="stmt" count="0"/>
      <line num="234" type="stmt" count="0"/>
      <line num="235" type="stmt" count="0"/>
      <line num="237" type="stmt" count="0"/>
      <line num="238" type="stmt" count="0"/>
      <line num="246" type="method" count="9"/>
      <line num="248" type="stmt" count="9"/>
      <line num="257" type="method" count="6"/>
      <line num="259" type="stmt" count="6"/>
      <line num="260" type="stmt" count="6"/>
      <line num="262" type="stmt" count="0"/>
      <line num="263" type="stmt" count="0"/>
      <line num="272" type="method" count="0"/>
      <line num="274" type="stmt" count="0"/>
      <line num="275" type="stmt" count="0"/>
      <line num="283" type="method" count="0"/>
      <line num="285" type="stmt" count="0"/>
      <line num="298" type="method" count="9"/>
      <line num="300" type="stmt" count="9"/>
      <line num="301" type="stmt" count="9"/>
      <line num="304" type="stmt" count="9"/>
      <line num="305" type="stmt" count="7"/>
      <line num="308" type="stmt" count="7"/>
      <line num="309" type="stmt" count="7"/>
      <line num="310" type="stmt" count="7"/>
      <line num="313" type="stmt" count="9"/>
      <line num="316" type="stmt" count="9"/>
      <line num="317" type="stmt" count="9"/>
      <line num="318" type="stmt" count="6"/>
      <line num="319" type="stmt" count="6"/>
      <line num="322" type="stmt" count="9"/>
      <line num="325" type="stmt" count="9"/>
      <line num="328" type="stmt" count="0"/>
      <line num="329" type="stmt" count="0"/>
      <line num="332" type="stmt" count="9"/>
      <line num="342" type="method" count="27"/>
      <line num="344" type="stmt" count="27"/>
      <line num="345" type="stmt" count="27"/>
      <line num="346" type="stmt" count="27"/>
      <line num="348" type="stmt" count="27"/>
      <line num="349" type="stmt" count="27"/>
      <line num="350" type="stmt" count="27"/>
      <line num="351" type="stmt" count="27"/>
      <line num="352" type="stmt" count="27"/>
      <line num="353" type="stmt" count="27"/>
      <line num="355" type="stmt" count="27"/>
      <line num="365" type="method" count="0"/>
      <line num="367" type="stmt" count="0"/>
      <line num="368" type="stmt" count="0"/>
      <line num="369" type="stmt" count="0"/>
      <line num="371" type="stmt" count="0"/>
      <line num="372" type="stmt" count="0"/>
      <line num="373" type="stmt" count="0"/>
      <line num="374" type="stmt" count="0"/>
      <line num="375" type="stmt" count="0"/>
      <line num="376" type="stmt" count="0"/>
      <line num="378" type="stmt" count="0"/>
      <line num="388" type="method" count="0"/>
      <line num="390" type="stmt" count="0"/>
      <line num="391" type="stmt" count="0"/>
      <line num="392" type="stmt" count="0"/>
      <line num="393" type="stmt" count="0"/>
      <line num="394" type="stmt" count="0"/>
      <line num="397" type="stmt" count="0"/>
      <line num="398" type="stmt" count="0"/>
      <line num="399" type="stmt" count="0"/>
      <line num="400" type="stmt" count="0"/>
      <line num="402" type="stmt" count="0"/>
      <line num="403" type="stmt" count="0"/>
      <line num="404" type="stmt" count="0"/>
      <line num="405" type="stmt" count="0"/>
      <line num="406" type="stmt" count="0"/>
      <line num="407" type="stmt" count="0"/>
      <line num="408" type="stmt" count="0"/>
      <line num="409" type="stmt" count="0"/>
      <line num="411" type="stmt" count="0"/>
      <line num="414" type="stmt" count="0"/>
      <line num="424" type="method" count="27"/>
      <line num="426" type="stmt" count="27"/>
      <line num="427" type="stmt" count="27"/>
      <line num="428" type="stmt" count="27"/>
      <line num="436" type="method" count="6"/>
      <line num="438" type="stmt" count="6"/>
      <line num="440" type="stmt" count="6"/>
      <line num="441" type="stmt" count="0"/>
      <line num="443" type="stmt" count="6"/>
      <line num="445" type="stmt" count="6"/>
      <line num="458" type="method" count="27"/>
      <line num="460" type="stmt" count="27"/>
      <line num="461" type="stmt" count="27"/>
      <line num="462" type="stmt" count="27"/>
      <metrics loc="464" ncloc="273" classes="1" methods="21" coveredmethods="15" statements="126" coveredstatements="71" elements="147" coveredelements="86"/>
    </file>
    <file name="/usr/local/zend/share/ZendFramework/library/Zend/Session/SaveHandler/Interface.php">
      <line num="42" type="stmt" count="0"/>
      <line num="48" type="stmt" count="0"/>
      <line num="55" type="stmt" count="0"/>
      <line num="63" type="stmt" count="0"/>
      <line num="71" type="stmt" count="0"/>
      <line num="79" type="stmt" count="0"/>
      <metrics loc="81" ncloc="18" classes="0" methods="0" coveredmethods="0" statements="6" coveredstatements="0" elements="6" coveredelements="0"/>
    </file>
    <file name="/usr/local/zend/share/ZendFramework/library/Zend/Session/Exception.php">
      <class name="Zend_Session_Exception" namespace="global" fullPackage="Zend_Session" category="Zend" package="Zend_Session">
        <metrics methods="2" coveredmethods="0" statements="2" coveredstatements="0" elements="4" coveredelements="0"/>
      </class>
      <line num="56" type="method" count="0"/>
      <line num="58" type="stmt" count="0"/>
      <line num="59" type="stmt" count="0"/>
      <line num="69" type="method" count="0"/>
      <line num="71" type="stmt" count="0"/>
      <line num="72" type="stmt" count="0"/>
      <metrics loc="74" ncloc="21" classes="1" methods="2" coveredmethods="0" statements="4" coveredstatements="0" elements="6" coveredelements="0"/>
    </file>
    <file name="/home/keith/www/chapter10new/trunk/application/modules/storefront/models/resources/Product/Item/Interface.php">
      <line num="12" type="stmt" count="0"/>
      <line num="13" type="stmt" count="0"/>
      <line num="14" type="stmt" count="0"/>
      <line num="15" type="stmt" count="0"/>
      <line num="16" type="stmt" count="0"/>
      <metrics loc="17" ncloc="9" classes="0" methods="0" coveredmethods="0" statements="5" coveredstatements="0" elements="5" coveredelements="0"/>
    </file>
    <file name="/usr/local/zend/share/ZendFramework/library/Zend/Loader.php">
      <class name="Zend_Loader" namespace="global" fullPackage="Zend_Loader" category="Zend" package="Zend_Loader">
        <metrics methods="7" coveredmethods="3" statements="65" coveredstatements="14" elements="72" coveredelements="17"/>
      </class>
      <line num="52" type="method" count="17"/>
      <line num="54" type="stmt" count="17"/>
      <line num="55" type="stmt" count="11"/>
      <line num="58" type="stmt" count="6"/>
      <line num="59" type="stmt" count="0"/>
      <line num="60" type="stmt" count="0"/>
      <line num="64" type="stmt" count="6"/>
      <line num="65" type="stmt" count="0"/>
      <line num="67" type="stmt" count="0"/>
      <line num="68" type="stmt" count="0"/>
      <line num="69" type="stmt" count="0"/>
      <line num="71" type="stmt" count="0"/>
      <line num="72" type="stmt" count="0"/>
      <line num="73" type="stmt" count="0"/>
      <line num="74" type="stmt" count="0"/>
      <line num="75" type="stmt" count="0"/>
      <line num="76" type="stmt" count="0"/>
      <line num="78" type="stmt" count="0"/>
      <line num="79" type="stmt" count="0"/>
      <line num="80" type="stmt" count="0"/>
      <line num="81" type="stmt" count="0"/>
      <line num="82" type="stmt" count="6"/>
      <line num="83" type="stmt" count="6"/>
      <line num="86" type="stmt" count="6"/>
      <line num="87" type="stmt" count="0"/>
      <line num="88" type="stmt" count="0"/>
      <line num="90" type="stmt" count="6"/>
      <line num="115" type="method" count="0"/>
      <line num="117" type="stmt" count="0"/>
      <line num="122" type="stmt" count="0"/>
      <line num="123" type="stmt" count="0"/>
      <line num="124" type="stmt" count="0"/>
      <line num="125" type="stmt" count="0"/>
      <line num="127" type="stmt" count="0"/>
      <line num="128" type="stmt" count="0"/>
      <line num="134" type="stmt" count="0"/>
      <line num="135" type="stmt" count="0"/>
      <line num="136" type="stmt" count="0"/>
      <line num="137" type="stmt" count="0"/>
      <line num="143" type="stmt" count="0"/>
      <line num="144" type="stmt" count="0"/>
      <line num="147" type="stmt" count="0"/>
      <line num="163" type="method" count="5"/>
      <line num="165" type="stmt" count="5"/>
      <line num="166" type="stmt" count="4"/>
      <line num="168" type="stmt" count="2"/>
      <line num="169" type="stmt" count="2"/>
      <line num="184" type="method" count="0"/>
      <line num="186" type="stmt" count="0"/>
      <line num="188" type="stmt" count="0"/>
      <line num="189" type="stmt" count="0"/>
      <line num="205" type="method" count="0"/>
      <line num="207" type="stmt" count="0"/>
      <line num="208" type="stmt" count="0"/>
      <line num="209" type="stmt" count="0"/>
      <line num="210" type="stmt" count="0"/>
      <line num="212" type="stmt" count="0"/>
      <line num="213" type="stmt" count="0"/>
      <line num="214" type="stmt" count="0"/>
      <line num="215" type="stmt" count="0"/>
      <line num="216" type="stmt" count="0"/>
      <line num="217" type="stmt" count="0"/>
      <line num="220" type="stmt" count="0"/>
      <line num="222" type="stmt" count="0"/>
      <line num="223" type="stmt" count="0"/>
      <line num="225" type="stmt" count="0"/>
      <line num="228" type="stmt" count="0"/>
      <line num="237" type="method" count="6"/>
      <line num="242" type="stmt" count="6"/>
      <line num="243" type="stmt" count="0"/>
      <line num="244" type="stmt" count="0"/>
      <line num="246" type="stmt" count="6"/>
      <line num="262" type="method" count="0"/>
      <line num="264" type="stmt" count="0"/>
      <line num="265" type="stmt" count="0"/>
      <line num="267" type="stmt" count="0"/>
      <metrics loc="270" ncloc="128" classes="1" methods="7" coveredmethods="3" statements="69" coveredstatements="14" elements="76" coveredelements="17"/>
    </file>
    <file name="/usr/local/zend/share/ZendFramework/library/Zend/Session/Abstract.php">
      <class name="Zend_Session_Abstract" namespace="global" fullPackage="Zend_Session" category="Zend" package="Zend_Session">
        <metrics methods="4" coveredmethods="3" statements="34" coveredstatements="14" elements="38" coveredelements="17"/>
      </class>
      <line num="79" type="method" count="7"/>
      <line num="81" type="stmt" count="7"/>
      <line num="85" type="stmt" count="0"/>
      <line num="86" type="stmt" count="0"/>
      <line num="89" type="stmt" count="7"/>
      <line num="90" type="stmt" count="0"/>
      <line num="92" type="stmt" count="7"/>
      <line num="105" type="method" count="1"/>
      <line num="107" type="stmt" count="1"/>
      <line num="111" type="stmt" count="0"/>
      <line num="112" type="stmt" count="0"/>
      <line num="115" type="stmt" count="1"/>
      <line num="118" type="stmt" count="1"/>
      <line num="119" type="stmt" count="0"/>
      <line num="120" type="stmt" count="0"/>
      <line num="121" type="stmt" count="0"/>
      <line num="122" type="stmt" count="1"/>
      <line num="123" type="stmt" count="1"/>
      <line num="127" type="stmt" count="1"/>
      <line num="128" type="stmt" count="0"/>
      <line num="130" type="stmt" count="1"/>
      <line num="140" type="method" count="2"/>
      <line num="142" type="stmt" count="2"/>
      <line num="146" type="stmt" count="0"/>
      <line num="147" type="stmt" count="0"/>
      <line num="150" type="stmt" count="2"/>
      <line num="151" type="stmt" count="0"/>
      <line num="152" type="stmt" count="0"/>
      <line num="153" type="stmt" count="0"/>
      <line num="154" type="stmt" count="0"/>
      <line num="156" type="stmt" count="0"/>
      <line num="159" type="stmt" count="2"/>
      <line num="160" type="stmt" count="2"/>
      <line num="161" type="stmt" count="0"/>
      <line num="162" type="stmt" count="0"/>
      <line num="164" type="stmt" count="0"/>
      <line num="177" type="method" count="0"/>
      <line num="179" type="stmt" count="0"/>
      <line num="180" type="stmt" count="0"/>
      <line num="181" type="stmt" count="0"/>
      <line num="182" type="stmt" count="0"/>
      <line num="183" type="stmt" count="0"/>
      <metrics loc="185" ncloc="79" classes="1" methods="4" coveredmethods="3" statements="38" coveredstatements="14" elements="42" coveredelements="17"/>
    </file>
    <file name="/home/keith/www/chapter10new/trunk/application/modules/storefront/services/Authentication.php">
      <class name="Storefront_Service_Authentication" namespace="global" fullPackage="Storefront_Service" category="Storefront" package="Storefront_Service">
        <metrics methods="7" coveredmethods="6" statements="25" coveredstatements="28" elements="32" coveredelements="34"/>
      </class>
      <line num="35" type="method" count="5"/>
      <line num="37" type="stmt" count="5"/>
      <line num="38" type="stmt" count="5"/>
      <line num="46" type="method" count="4"/>
      <line num="48" type="stmt" count="4"/>
      <line num="49" type="stmt" count="4"/>
      <line num="50" type="stmt" count="4"/>
      <line num="52" type="stmt" count="4"/>
      <line num="53" type="stmt" count="1"/>
      <line num="56" type="stmt" count="3"/>
      <line num="58" type="stmt" count="3"/>
      <line num="60" type="stmt" count="3"/>
      <line num="63" type="method" count="4"/>
      <line num="65" type="stmt" count="4"/>
      <line num="66" type="stmt" count="4"/>
      <line num="68" type="stmt" count="4"/>
      <line num="71" type="method" count="0"/>
      <line num="73" type="stmt" count="0"/>
      <line num="74" type="stmt" count="0"/>
      <line num="75" type="stmt" count="0"/>
      <line num="77" type="stmt" count="0"/>
      <line num="83" type="method" count="1"/>
      <line num="85" type="stmt" count="1"/>
      <line num="86" type="stmt" count="1"/>
      <line num="93" type="method" count="5"/>
      <line num="95" type="stmt" count="5"/>
      <line num="96" type="stmt" count="5"/>
      <line num="104" type="method" count="5"/>
      <line num="106" type="stmt" count="5"/>
      <line num="107" type="stmt" count="1"/>
      <line num="108" type="stmt" count="1"/>
      <line num="109" type="stmt" count="1"/>
      <line num="110" type="stmt" count="1"/>
      <line num="111" type="stmt" count="1"/>
      <line num="113" type="stmt" count="1"/>
      <line num="114" type="stmt" count="1"/>
      <line num="115" type="stmt" count="1"/>
      <line num="116" type="stmt" count="1"/>
      <line num="118" type="stmt" count="5"/>
      <metrics loc="120" ncloc="75" classes="1" methods="7" coveredmethods="6" statements="32" coveredstatements="28" elements="39" coveredelements="34"/>
    </file>
    <file name="/home/keith/www/chapter10new/trunk/application/modules/storefront/models/User.php">
      <class name="Storefront_Model_User" namespace="global" fullPackage="Storefront_Model_Resource" category="Storefront" package="Storefront_Model_Resource">
        <metrics methods="11" coveredmethods="9" statements="44" coveredstatements="41" elements="55" coveredelements="50"/>
      </class>
      <line num="18" type="method" count="2"/>
      <line num="20" type="stmt" count="2"/>
      <line num="21" type="stmt" count="2"/>
      <line num="31" type="method" count="6"/>
      <line num="33" type="stmt" count="6"/>
      <line num="43" type="method" count="0"/>
      <line num="45" type="stmt" count="0"/>
      <line num="54" type="method" count="3"/>
      <line num="56" type="stmt" count="3"/>
      <line num="57" type="stmt" count="0"/>
      <line num="60" type="stmt" count="3"/>
      <line num="61" type="stmt" count="3"/>
      <line num="71" type="method" count="1"/>
      <line num="73" type="stmt" count="1"/>
      <line num="74" type="stmt" count="1"/>
      <line num="77" type="stmt" count="1"/>
      <line num="78" type="stmt" count="1"/>
      <line num="81" type="stmt" count="1"/>
      <line num="83" type="stmt" count="1"/>
      <line num="94" type="method" count="4"/>
      <line num="96" type="stmt" count="4"/>
      <line num="97" type="stmt" count="1"/>
      <line num="101" type="stmt" count="3"/>
      <line num="104" type="stmt" count="3"/>
      <line num="105" type="stmt" count="2"/>
      <line num="106" type="stmt" count="2"/>
      <line num="107" type="stmt" count="2"/>
      <line num="108" type="stmt" count="0"/>
      <line num="112" type="stmt" count="2"/>
      <line num="113" type="stmt" count="2"/>
      <line num="114" type="stmt" count="3"/>
      <line num="116" type="stmt" count="3"/>
      <line num="117" type="stmt" count="3"/>
      <line num="119" type="stmt" count="3"/>
      <line num="128" type="method" count="0"/>
      <line num="130" type="stmt" count="0"/>
      <line num="131" type="stmt" count="0"/>
      <line num="134" type="stmt" count="0"/>
      <line num="135" type="stmt" count="0"/>
      <line num="136" type="stmt" count="0"/>
      <line num="137" type="stmt" count="0"/>
      <line num="140" type="stmt" count="0"/>
      <line num="142" type="stmt" count="0"/>
      <line num="143" type="stmt" count="0"/>
      <line num="144" type="stmt" count="0"/>
      <line num="147" type="stmt" count="0"/>
      <line num="156" type="method" count="4"/>
      <line num="158" type="stmt" count="4"/>
      <line num="172" type="method" count="4"/>
      <line num="174" type="stmt" count="4"/>
      <line num="175" type="stmt" count="4"/>
      <line num="176" type="stmt" count="4"/>
      <line num="177" type="stmt" count="4"/>
      <line num="178" type="stmt" count="4"/>
      <line num="180" type="stmt" count="4"/>
      <line num="181" type="stmt" count="4"/>
      <line num="190" type="method" count="4"/>
      <line num="192" type="stmt" count="4"/>
      <line num="193" type="stmt" count="4"/>
      <line num="195" type="stmt" count="4"/>
      <line num="203" type="method" count="2"/>
      <line num="205" type="stmt" count="2"/>
      <line num="206" type="stmt" count="2"/>
      <line num="207" type="stmt" count="2"/>
      <line num="208" type="stmt" count="2"/>
      <line num="209" type="stmt" count="2"/>
      <metrics loc="211" ncloc="122" classes="1" methods="11" coveredmethods="9" statements="55" coveredstatements="41" elements="66" coveredelements="50"/>
    </file>
    <file name="/usr/local/zend/share/ZendFramework/library/Zend/Session/Namespace.php">
      <class name="Zend_Session_Namespace" namespace="global" fullPackage="Zend_Session" category="Zend" package="Zend_Session">
        <metrics methods="15" coveredmethods="5" statements="108" coveredstatements="22" elements="123" coveredelements="27"/>
      </class>
      <line num="0" type="stmt" count="18"/>
      <line num="83" type="method" count="12"/>
      <line num="85" type="stmt" count="12"/>
      <line num="89" type="stmt" count="0"/>
      <line num="90" type="stmt" count="0"/>
      <line num="93" type="stmt" count="12"/>
      <line num="97" type="stmt" count="0"/>
      <line num="98" type="stmt" count="0"/>
      <line num="101" type="stmt" count="12"/>
      <line num="105" type="stmt" count="0"/>
      <line num="106" type="stmt" count="0"/>
      <line num="109" type="stmt" count="12"/>
      <line num="113" type="stmt" count="0"/>
      <line num="114" type="stmt" count="0"/>
      <line num="117" type="stmt" count="12"/>
      <line num="118" type="stmt" count="0"/>
      <line num="121" type="stmt" count="12"/>
      <line num="124" type="stmt" count="12"/>
      <line num="126" type="stmt" count="12"/>
      <line num="130" type="stmt" count="0"/>
      <line num="131" type="stmt" count="0"/>
      <line num="134" type="stmt" count="12"/>
      <line num="135" type="stmt" count="12"/>
      <line num="139" type="stmt" count="0"/>
      <line num="140" type="stmt" count="0"/>
      <line num="143" type="stmt" count="0"/>
      <line num="144" type="stmt" count="0"/>
      <line num="146" type="stmt" count="0"/>
      <line num="147" type="stmt" count="0"/>
      <line num="148" type="stmt" count="0"/>
      <line num="149" type="stmt" count="0"/>
      <line num="151" type="stmt" count="0"/>
      <line num="156" type="stmt" count="0"/>
      <line num="157" type="stmt" count="0"/>
      <line num="158" type="stmt" count="0"/>
      <line num="160" type="stmt" count="0"/>
      <line num="161" type="stmt" count="0"/>
      <line num="162" type="stmt" count="0"/>
      <line num="163" type="stmt" count="0"/>
      <line num="165" type="stmt" count="0"/>
      <line num="167" type="stmt" count="0"/>
      <line num="171" type="stmt" count="0"/>
      <line num="172" type="stmt" count="0"/>
      <line num="175" type="stmt" count="0"/>
      <line num="176" type="stmt" count="0"/>
      <line num="179" type="stmt" count="0"/>
      <line num="188" type="method" count="0"/>
      <line num="190" type="stmt" count="0"/>
      <line num="199" type="method" count="0"/>
      <line num="201" type="stmt" count="0"/>
      <line num="202" type="stmt" count="0"/>
      <line num="210" type="method" count="0"/>
      <line num="212" type="stmt" count="0"/>
      <line num="213" type="stmt" count="0"/>
      <line num="221" type="method" count="0"/>
      <line num="223" type="stmt" count="0"/>
      <line num="224" type="stmt" count="0"/>
      <line num="232" type="method" count="0"/>
      <line num="234" type="stmt" count="0"/>
      <line num="243" type="method" count="0"/>
      <line num="245" type="stmt" count="0"/>
      <line num="255" type="method" count="2"/>
      <line num="257" type="stmt" count="2"/>
      <line num="261" type="stmt" count="0"/>
      <line num="262" type="stmt" count="0"/>
      <line num="265" type="stmt" count="2"/>
      <line num="277" type="method" count="3"/>
      <line num="279" type="stmt" count="3"/>
      <line num="283" type="stmt" count="0"/>
      <line num="284" type="stmt" count="0"/>
      <line num="287" type="stmt" count="3"/>
      <line num="291" type="stmt" count="0"/>
      <line num="292" type="stmt" count="0"/>
      <line num="295" type="stmt" count="3"/>
      <line num="299" type="stmt" count="0"/>
      <line num="300" type="stmt" count="0"/>
      <line num="303" type="stmt" count="3"/>
      <line num="305" type="stmt" count="3"/>
      <line num="306" type="stmt" count="3"/>
      <line num="320" type="method" count="0"/>
      <line num="322" type="stmt" count="0"/>
      <line num="323" type="stmt" count="0"/>
      <line num="324" type="stmt" count="0"/>
      <line num="339" type="method" count="0"/>
      <line num="341" type="stmt" count="0"/>
      <line num="342" type="stmt" count="0"/>
      <line num="343" type="stmt" count="0"/>
      <line num="344" type="stmt" count="0"/>
      <line num="348" type="stmt" count="0"/>
      <line num="349" type="stmt" count="0"/>
      <line num="351" type="stmt" count="0"/>
      <line num="352" type="stmt" count="0"/>
      <line num="362" type="method" count="7"/>
      <line num="364" type="stmt" count="7"/>
      <line num="368" type="stmt" count="0"/>
      <line num="369" type="stmt" count="0"/>
      <line num="372" type="stmt" count="7"/>
      <line num="382" type="method" count="1"/>
      <line num="384" type="stmt" count="1"/>
      <line num="388" type="stmt" count="0"/>
      <line num="389" type="stmt" count="0"/>
      <line num="392" type="stmt" count="1"/>
      <line num="405" type="method" count="0"/>
      <line num="407" type="stmt" count="0"/>
      <line num="411" type="stmt" count="0"/>
      <line num="412" type="stmt" count="0"/>
      <line num="415" type="stmt" count="0"/>
      <line num="419" type="stmt" count="0"/>
      <line num="420" type="stmt" count="0"/>
      <line num="423" type="stmt" count="0"/>
      <line num="426" type="stmt" count="0"/>
      <line num="430" type="stmt" count="0"/>
      <line num="431" type="stmt" count="0"/>
      <line num="434" type="stmt" count="0"/>
      <line num="435" type="stmt" count="0"/>
      <line num="436" type="stmt" count="0"/>
      <line num="438" type="stmt" count="0"/>
      <line num="440" type="stmt" count="0"/>
      <line num="453" type="method" count="0"/>
      <line num="455" type="stmt" count="0"/>
      <line num="459" type="stmt" count="0"/>
      <line num="460" type="stmt" count="0"/>
      <line num="463" type="stmt" count="0"/>
      <line num="467" type="stmt" count="0"/>
      <line num="468" type="stmt" count="0"/>
      <line num="471" type="stmt" count="0"/>
      <line num="474" type="stmt" count="0"/>
      <line num="475" type="stmt" count="0"/>
      <line num="477" type="stmt" count="0"/>
      <line num="482" type="stmt" count="0"/>
      <line num="483" type="stmt" count="0"/>
      <line num="486" type="stmt" count="0"/>
      <line num="487" type="stmt" count="0"/>
      <line num="488" type="stmt" count="0"/>
      <line num="489" type="stmt" count="0"/>
      <line num="490" type="stmt" count="0"/>
      <line num="491" type="stmt" count="0"/>
      <line num="494" type="stmt" count="0"/>
      <line num="496" type="stmt" count="0"/>
      <metrics loc="498" ncloc="274" classes="1" methods="15" coveredmethods="5" statements="124" coveredstatements="23" elements="139" coveredelements="28"/>
    </file>
    <file name="/home/keith/www/chapter10new/trunk/library/SF/Model/Acl/Abstract.php">
      <class name="SF_Model_Acl_Abstract" namespace="global" fullPackage="SF_Model" category="Storefront" package="SF_Model">
        <metrics methods="3" coveredmethods="3" statements="19" coveredstatements="15" elements="22" coveredelements="18"/>
      </class>
      <line num="30" type="method" count="1"/>
      <line num="32" type="stmt" count="1"/>
      <line num="33" type="stmt" count="1"/>
      <line num="34" type="stmt" count="0"/>
      <line num="36" type="stmt" count="1"/>
      <line num="37" type="stmt" count="1"/>
      <line num="38" type="stmt" count="0"/>
      <line num="39" type="stmt" count="0"/>
      <line num="40" type="stmt" count="0"/>
      <line num="41" type="stmt" count="0"/>
      <line num="42" type="stmt" count="0"/>
      <line num="44" type="stmt" count="1"/>
      <line num="45" type="stmt" count="1"/>
      <line num="53" type="method" count="4"/>
      <line num="55" type="stmt" count="4"/>
      <line num="56" type="stmt" count="4"/>
      <line num="57" type="stmt" count="4"/>
      <line num="58" type="stmt" count="4"/>
      <line num="60" type="stmt" count="0"/>
      <line num="62" type="stmt" count="1"/>
      <line num="71" type="method" count="4"/>
      <line num="73" type="stmt" count="4"/>
      <line num="74" type="stmt" count="4"/>
      <line num="75" type="stmt" count="4"/>
      <line num="77" type="stmt" count="4"/>
      <metrics loc="79" ncloc="46" classes="1" methods="3" coveredmethods="3" statements="22" coveredstatements="15" elements="25" coveredelements="18"/>
    </file>
    <file name="/home/keith/www/chapter10new/trunk/library/SF/Model/Acl/Interface.php">
      <line num="12" type="stmt" count="0"/>
      <line num="13" type="stmt" count="0"/>
      <line num="14" type="stmt" count="0"/>
      <line num="15" type="stmt" count="0"/>
      <line num="16" type="stmt" count="0"/>
      <metrics loc="17" ncloc="9" classes="0" methods="0" coveredmethods="0" statements="5" coveredstatements="0" elements="5" coveredelements="0"/>
    </file>
    <file name="/home/keith/www/chapter10new/trunk/library/SF/Model/Interface.php">
      <line num="14" type="stmt" count="0"/>
      <line num="15" type="stmt" count="0"/>
      <line num="16" type="stmt" count="0"/>
      <line num="17" type="stmt" count="0"/>
      <metrics loc="18" ncloc="8" classes="0" methods="0" coveredmethods="0" statements="4" coveredstatements="0" elements="4" coveredelements="0"/>
    </file>
    <file name="/usr/local/zend/share/ZendFramework/library/Zend/Session.php">
      <class name="Zend_Session" namespace="global" fullPackage="Zend_Session" category="Zend" package="Zend_Session">
        <metrics methods="28" coveredmethods="1" statements="190" coveredstatements="3" elements="218" coveredelements="4"/>
      </class>
      <line num="179" type="method" count="0"/>
      <line num="181" type="stmt" count="0"/>
      <line num="191" type="method" count="0"/>
      <line num="194" type="stmt" count="0"/>
      <line num="195" type="stmt" count="0"/>
      <line num="196" type="stmt" count="0"/>
      <line num="197" type="stmt" count="0"/>
      <line num="199" type="stmt" count="0"/>
      <line num="201" type="stmt" count="0"/>
      <line num="205" type="stmt" count="0"/>
      <line num="207" type="stmt" count="0"/>
      <line num="210" type="stmt" count="0"/>
      <line num="211" type="stmt" count="0"/>
      <line num="212" type="stmt" count="0"/>
      <line num="213" type="stmt" count="0"/>
      <line num="214" type="stmt" count="0"/>
      <line num="215" type="stmt" count="0"/>
      <line num="218" type="stmt" count="0"/>
      <line num="219" type="stmt" count="0"/>
      <line num="221" type="stmt" count="0"/>
      <line num="222" type="stmt" count="0"/>
      <line num="231" type="method" count="0"/>
      <line num="233" type="stmt" count="0"/>
      <line num="234" type="stmt" count="0"/>
      <line num="238" type="stmt" count="0"/>
      <line num="239" type="stmt" count="0"/>
      <line num="240" type="stmt" count="0"/>
      <line num="241" type="stmt" count="0"/>
      <line num="242" type="stmt" count="0"/>
      <line num="243" type="stmt" count="0"/>
      <line num="244" type="stmt" count="0"/>
      <line num="245" type="stmt" count="0"/>
      <line num="246" type="stmt" count="0"/>
      <line num="254" type="method" count="0"/>
      <line num="256" type="stmt" count="0"/>
      <line num="268" type="method" count="0"/>
      <line num="270" type="stmt" count="0"/>
      <line num="272" type="stmt" count="0"/>
      <line num="273" type="stmt" count="0"/>
      <line num="274" type="stmt" count="0"/>
      <line num="277" type="stmt" count="0"/>
      <line num="278" type="stmt" count="0"/>
      <line num="279" type="stmt" count="0"/>
      <line num="281" type="stmt" count="0"/>
      <line num="294" type="stmt" count="0"/>
      <line num="296" type="stmt" count="0"/>
      <line num="307" type="method" count="0"/>
      <line num="309" type="stmt" count="0"/>
      <line num="310" type="stmt" count="0"/>
      <line num="312" type="stmt" count="0"/>
      <line num="313" type="stmt" count="0"/>
      <line num="322" type="method" count="0"/>
      <line num="324" type="stmt" count="0"/>
      <line num="325" type="stmt" count="0"/>
      <line num="335" type="method" count="0"/>
      <line num="337" type="stmt" count="0"/>
      <line num="338" type="stmt" count="0"/>
      <line num="339" type="stmt" count="0"/>
      <line num="342" type="stmt" count="0"/>
      <line num="345" type="stmt" count="0"/>
      <line num="346" type="stmt" count="0"/>
      <line num="347" type="stmt" count="0"/>
      <line num="348" type="stmt" count="0"/>
      <line num="349" type="stmt" count="0"/>
      <line num="352" type="stmt" count="0"/>
      <line num="353" type="stmt" count="0"/>
      <line num="361" type="method" count="0"/>
      <line num="363" type="stmt" count="0"/>
      <line num="364" type="stmt" count="0"/>
      <line num="365" type="stmt" count="0"/>
      <line num="366" type="stmt" count="0"/>
      <line num="367" type="stmt" count="0"/>
      <line num="368" type="stmt" count="0"/>
      <line num="371" type="stmt" count="0"/>
      <line num="380" type="method" count="0"/>
      <line num="382" type="stmt" count="0"/>
      <line num="393" type="method" count="12"/>
      <line num="395" type="stmt" count="12"/>
      <line num="396" type="stmt" count="0"/>
      <line num="397" type="stmt" count="0"/>
      <line num="400" type="stmt" count="12"/>
      <line num="401" type="stmt" count="12"/>
      <line num="405" type="stmt" count="0"/>
      <line num="406" type="stmt" count="0"/>
      <line num="410" type="stmt" count="0"/>
      <line num="412" type="stmt" count="0"/>
      <line num="413" type="stmt" count="0"/>
      <line num="416" type="stmt" count="0"/>
      <line num="418" type="stmt" count="0"/>
      <line num="419" type="stmt" count="0"/>
      <line num="420" type="stmt" count="0"/>
      <line num="424" type="stmt" count="0"/>
      <line num="426" type="stmt" count="0"/>
      <line num="427" type="stmt" count="0"/>
      <line num="435" type="stmt" count="0"/>
      <line num="436" type="stmt" count="0"/>
      <line num="437" type="stmt" count="0"/>
      <line num="438" type="stmt" count="0"/>
      <line num="439" type="stmt" count="0"/>
      <line num="440" type="stmt" count="0"/>
      <line num="441" type="stmt" count="0"/>
      <line num="442" type="stmt" count="0"/>
      <line num="443" type="stmt" count="0"/>
      <line num="444" type="stmt" count="0"/>
      <line num="448" type="stmt" count="0"/>
      <line num="449" type="stmt" count="0"/>
      <line num="450" type="stmt" count="0"/>
      <line num="451" type="stmt" count="0"/>
      <line num="452" type="stmt" count="0"/>
      <line num="456" type="stmt" count="0"/>
      <line num="457" type="stmt" count="0"/>
      <line num="460" type="stmt" count="0"/>
      <line num="461" type="stmt" count="0"/>
      <line num="470" type="method" count="0"/>
      <line num="473" type="stmt" count="0"/>
      <line num="476" type="stmt" count="0"/>
      <line num="479" type="stmt" count="0"/>
      <line num="480" type="stmt" count="0"/>
      <line num="481" type="stmt" count="0"/>
      <line num="485" type="stmt" count="0"/>
      <line num="486" type="stmt" count="0"/>
      <line num="488" type="stmt" count="0"/>
      <line num="489" type="stmt" count="0"/>
      <line num="490" type="stmt" count="0"/>
      <line num="491" type="stmt" count="0"/>
      <line num="493" type="stmt" count="0"/>
      <line num="498" type="stmt" count="0"/>
      <line num="499" type="stmt" count="0"/>
      <line num="500" type="stmt" count="0"/>
      <line num="501" type="stmt" count="0"/>
      <line num="502" type="stmt" count="0"/>
      <line num="504" type="stmt" count="0"/>
      <line num="505" type="stmt" count="0"/>
      <line num="508" type="stmt" count="0"/>
      <line num="512" type="stmt" count="0"/>
      <line num="513" type="stmt" count="0"/>
      <line num="514" type="stmt" count="0"/>
      <line num="516" type="stmt" count="0"/>
      <line num="517" type="stmt" count="0"/>
      <line num="518" type="stmt" count="0"/>
      <line num="519" type="stmt" count="0"/>
      <line num="521" type="stmt" count="0"/>
      <line num="523" type="stmt" count="0"/>
      <line num="525" type="stmt" count="0"/>
      <line num="527" type="stmt" count="0"/>
      <line num="528" type="stmt" count="0"/>
      <line num="532" type="stmt" count="0"/>
      <line num="533" type="stmt" count="0"/>
      <line num="535" type="stmt" count="0"/>
      <line num="543" type="method" count="0"/>
      <line num="545" type="stmt" count="0"/>
      <line num="555" type="method" count="0"/>
      <line num="557" type="stmt" count="0"/>
      <line num="566" type="method" count="0"/>
      <line num="568" type="stmt" count="0"/>
      <line num="579" type="method" count="0"/>
      <line num="581" type="stmt" count="0"/>
      <line num="583" type="stmt" count="0"/>
      <line num="584" type="stmt" count="0"/>
      <line num="587" type="stmt" count="0"/>
      <line num="589" type="stmt" count="0"/>
      <line num="590" type="stmt" count="0"/>
      <line num="591" type="stmt" count="0"/>
      <line num="594" type="stmt" count="0"/>
      <line num="596" type="stmt" count="0"/>
      <line num="597" type="stmt" count="0"/>
      <line num="600" type="stmt" count="0"/>
      <line num="601" type="stmt" count="0"/>
      <line num="611" type="method" count="0"/>
      <line num="613" type="stmt" count="0"/>
      <line num="614" type="stmt" count="0"/>
      <line num="622" type="method" count="0"/>
      <line num="624" type="stmt" count="0"/>
      <line num="625" type="stmt" count="0"/>
      <line num="635" type="method" count="0"/>
      <line num="637" type="stmt" count="0"/>
      <line num="638" type="stmt" count="0"/>
      <line num="641" type="stmt" count="0"/>
      <line num="642" type="stmt" count="0"/>
      <line num="645" type="stmt" count="0"/>
      <line num="646" type="stmt" count="0"/>
      <line num="649" type="stmt" count="0"/>
      <line num="650" type="stmt" count="0"/>
      <line num="651" type="stmt" count="0"/>
      <line num="661" type="method" count="0"/>
      <line num="663" type="stmt" count="0"/>
      <line num="664" type="stmt" count="0"/>
      <line num="667" type="stmt" count="0"/>
      <line num="668" type="stmt" count="0"/>
      <line num="671" type="stmt" count="0"/>
      <line num="672" type="stmt" count="0"/>
      <line num="675" type="stmt" count="0"/>
      <line num="676" type="stmt" count="0"/>
      <line num="678" type="stmt" count="0"/>
      <line num="679" type="stmt" count="0"/>
      <line num="681" type="stmt" count="0"/>
      <line num="689" type="method" count="0"/>
      <line num="691" type="stmt" count="0"/>
      <line num="692" type="stmt" count="0"/>
      <line num="695" type="stmt" count="0"/>
      <line num="696" type="stmt" count="0"/>
      <line num="699" type="stmt" count="0"/>
      <line num="701" type="stmt" count="0"/>
      <line num="702" type="stmt" count="0"/>
      <line num="705" type="stmt" count="0"/>
      <line num="706" type="stmt" count="0"/>
      <line num="707" type="stmt" count="0"/>
      <line num="708" type="stmt" count="0"/>
      <line num="709" type="stmt" count="0"/>
      <line num="710" type="stmt" count="0"/>
      <line num="711" type="stmt" count="0"/>
      <line num="713" type="stmt" count="0"/>
      <line num="722" type="method" count="0"/>
      <line num="724" type="stmt" count="0"/>
      <line num="725" type="stmt" count="0"/>
      <line num="726" type="stmt" count="0"/>
      <line num="727" type="stmt" count="0"/>
      <line num="729" type="stmt" count="0"/>
      <line num="730" type="stmt" count="0"/>
      <line num="732" type="stmt" count="0"/>
      <line num="733" type="stmt" count="0"/>
      <line num="735" type="stmt" count="0"/>
      <line num="736" type="stmt" count="0"/>
      <line num="745" type="method" count="0"/>
      <line num="747" type="stmt" count="0"/>
      <line num="758" type="method" count="0"/>
      <line num="760" type="stmt" count="0"/>
      <line num="761" type="stmt" count="0"/>
      <line num="771" type="method" count="0"/>
      <line num="773" type="stmt" count="0"/>
      <line num="784" type="method" count="0"/>
      <line num="786" type="stmt" count="0"/>
      <line num="788" type="stmt" count="0"/>
      <line num="789" type="stmt" count="0"/>
      <line num="792" type="stmt" count="0"/>
      <line num="793" type="stmt" count="0"/>
      <line num="794" type="stmt" count="0"/>
      <line num="795" type="stmt" count="0"/>
      <line num="796" type="stmt" count="0"/>
      <line num="797" type="stmt" count="0"/>
      <line num="799" type="stmt" count="0"/>
      <line num="802" type="stmt" count="0"/>
      <line num="811" type="method" count="0"/>
      <line num="813" type="stmt" count="0"/>
      <line num="822" type="method" count="0"/>
      <line num="824" type="stmt" count="0"/>
      <metrics loc="827" ncloc="486" classes="1" methods="28" coveredmethods="1" statements="218" coveredstatements="3" elements="246" coveredelements="4"/>
    </file>
    <file name="/usr/local/zend/share/ZendFramework/library/Zend/Filter.php">
      <class name="Zend_Filter" namespace="global" fullPackage="Zend_Filter" category="Zend" package="Zend_Filter">
        <metrics methods="3" coveredmethods="0" statements="23" coveredstatements="0" elements="26" coveredelements="0"/>
      </class>
      <line num="25" type="stmt" count="1"/>
      <line num="33" type="stmt" count="1"/>
      <line num="48" type="method" count="0"/>
      <line num="50" type="stmt" count="0"/>
      <line num="51" type="stmt" count="0"/>
      <line num="62" type="method" count="0"/>
      <line num="64" type="stmt" count="0"/>
      <line num="65" type="stmt" count="0"/>
      <line num="66" type="stmt" count="0"/>
      <line num="67" type="stmt" count="0"/>
      <line num="68" type="stmt" count="0"/>
      <line num="88" type="method" count="0"/>
      <line num="90" type="stmt" count="0"/>
      <line num="91" type="stmt" count="0"/>
      <line num="92" type="stmt" count="0"/>
      <line num="93" type="stmt" count="0"/>
      <line num="94" type="stmt" count="0"/>
      <line num="96" type="stmt" count="0"/>
      <line num="97" type="stmt" count="0"/>
      <line num="98" type="stmt" count="0"/>
      <line num="102" type="stmt" count="0"/>
      <line num="103" type="stmt" count="0"/>
      <line num="104" type="stmt" count="0"/>
      <line num="105" type="stmt" count="0"/>
      <line num="106" type="stmt" count="0"/>
      <line num="107" type="stmt" count="0"/>
      <line num="109" type="stmt" count="0"/>
      <line num="111" type="stmt" count="0"/>
      <line num="112" type="stmt" count="0"/>
      <line num="113" type="stmt" count="0"/>
      <line num="116" type="stmt" count="1"/>
      <metrics loc="115" ncloc="51" classes="1" methods="3" coveredmethods="0" statements="28" coveredstatements="3" elements="31" coveredelements="3"/>
    </file>
    <file name="/usr/local/zend/share/ZendFramework/library/Zend/Filter/PregReplace.php">
      <class name="Zend_Filter_PregReplace" namespace="global" fullPackage="Zend_Filter" category="Zend" package="Zend_Filter">
        <metrics methods="8" coveredmethods="5" statements="12" coveredstatements="11" elements="20" coveredelements="16"/>
      </class>
      <line num="25" type="stmt" count="0"/>
      <line num="33" type="stmt" count="1"/>
      <line num="59" type="method" count="20"/>
      <line num="61" type="stmt" count="20"/>
      <line num="62" type="stmt" count="1"/>
      <line num="65" type="stmt" count="20"/>
      <line num="73" type="method" count="1"/>
      <line num="75" type="stmt" count="1"/>
      <line num="76" type="stmt" count="1"/>
      <line num="85" type="method" count="0"/>
      <line num="87" type="stmt" count="0"/>
      <line num="88" type="stmt" count="0"/>
      <line num="91" type="stmt" count="0"/>
      <line num="92" type="stmt" count="0"/>
      <line num="94" type="stmt" count="0"/>
      <line num="102" type="method" count="20"/>
      <line num="104" type="stmt" count="20"/>
      <line num="105" type="stmt" count="20"/>
      <line num="113" type="method" count="0"/>
      <line num="115" type="stmt" count="0"/>
      <line num="124" type="method" count="20"/>
      <line num="126" type="stmt" count="20"/>
      <line num="127" type="stmt" count="20"/>
      <line num="135" type="method" count="0"/>
      <line num="137" type="stmt" count="0"/>
      <line num="146" type="method" count="20"/>
      <line num="148" type="stmt" count="20"/>
      <line num="149" type="stmt" count="0"/>
      <line num="150" type="stmt" count="0"/>
      <line num="153" type="stmt" count="20"/>
      <line num="157" type="stmt" count="1"/>
      <metrics loc="156" ncloc="70" classes="1" methods="8" coveredmethods="5" statements="23" coveredstatements="13" elements="31" coveredelements="18"/>
    </file>
    <file name="/usr/local/zend/share/ZendFramework/library/Zend/Filter/Word/CamelCaseToUnderscore.php">
      <class name="Zend_Filter_Word_CamelCaseToUnderscore" namespace="global" fullPackage="Zend_Filter" category="Zend" package="Zend_Filter">
        <metrics methods="1" coveredmethods="1" statements="1" coveredstatements="2" elements="2" coveredelements="3"/>
      </class>
      <line num="25" type="stmt" count="1"/>
      <line num="33" type="stmt" count="1"/>
      <line num="40" type="method" count="20"/>
      <line num="42" type="stmt" count="20"/>
      <line num="43" type="stmt" count="20"/>
      <line num="45" type="stmt" count="1"/>
      <metrics loc="44" ncloc="11" classes="1" methods="1" coveredmethods="1" statements="5" coveredstatements="5" elements="6" coveredelements="6"/>
    </file>
    <file name="/usr/local/zend/share/ZendFramework/library/Zend/Loader/PluginLoader.php">
      <class name="Zend_Loader_PluginLoader" namespace="global" fullPackage="Zend_Loader.PluginLoader" category="Zend" package="Zend_Loader" subpackage="PluginLoader">
        <metrics methods="14" coveredmethods="9" statements="148" coveredstatements="69" elements="162" coveredelements="78"/>
      </class>
      <line num="23" type="stmt" count="1"/>
      <line num="26" type="stmt" count="0"/>
      <line num="37" type="stmt" count="1"/>
      <line num="100" type="method" count="20"/>
      <line num="102" type="stmt" count="20"/>
      <line num="103" type="stmt" count="20"/>
      <line num="104" type="stmt" count="20"/>
      <line num="105" type="stmt" count="1"/>
      <line num="107" type="stmt" count="20"/>
      <line num="108" type="stmt" count="1"/>
      <line num="112" type="stmt" count="20"/>
      <line num="113" type="stmt" count="20"/>
      <line num="114" type="stmt" count="20"/>
      <line num="115" type="stmt" count="20"/>
      <line num="123" type="method" count="20"/>
      <line num="125" type="stmt" count="20"/>
      <line num="126" type="stmt" count="0"/>
      <line num="128" type="stmt" count="20"/>
      <line num="138" type="method" count="20"/>
      <line num="140" type="stmt" count="20"/>
      <line num="141" type="stmt" count="0"/>
      <line num="142" type="stmt" count="0"/>
      <line num="145" type="stmt" count="20"/>
      <line num="146" type="stmt" count="20"/>
      <line num="148" type="stmt" count="20"/>
      <line num="149" type="stmt" count="20"/>
      <line num="150" type="stmt" count="20"/>
      <line num="151" type="stmt" count="4"/>
      <line num="153" type="stmt" count="20"/>
      <line num="162" type="method" count="4"/>
      <line num="164" type="stmt" count="4"/>
      <line num="165" type="stmt" count="0"/>
      <line num="166" type="stmt" count="0"/>
      <line num="167" type="stmt" count="0"/>
      <line num="168" type="stmt" count="0"/>
      <line num="171" type="stmt" count="0"/>
      <line num="174" type="stmt" count="0"/>
      <line num="175" type="stmt" count="0"/>
      <line num="178" type="stmt" count="0"/>
      <line num="181" type="stmt" count="4"/>
      <line num="182" type="stmt" count="0"/>
      <line num="185" type="stmt" count="4"/>
      <line num="194" type="method" count="0"/>
      <line num="196" type="stmt" count="0"/>
      <line num="197" type="stmt" count="0"/>
      <line num="198" type="stmt" count="0"/>
      <line num="199" type="stmt" count="0"/>
      <line num="200" type="stmt" count="0"/>
      <line num="201" type="stmt" count="0"/>
      <line num="204" type="stmt" count="0"/>
      <line num="207" type="stmt" count="0"/>
      <line num="208" type="stmt" count="0"/>
      <line num="209" type="stmt" count="0"/>
      <line num="212" type="stmt" count="0"/>
      <line num="215" type="stmt" count="0"/>
      <line num="216" type="stmt" count="0"/>
      <line num="218" type="stmt" count="0"/>
      <line num="221" type="stmt" count="0"/>
      <line num="231" type="method" count="0"/>
      <line num="233" type="stmt" count="0"/>
      <line num="234" type="stmt" count="0"/>
      <line num="235" type="stmt" count="0"/>
      <line num="236" type="stmt" count="0"/>
      <line num="237" type="stmt" count="0"/>
      <line num="240" type="stmt" count="0"/>
      <line num="241" type="stmt" count="0"/>
      <line num="242" type="stmt" count="0"/>
      <line num="245" type="stmt" count="0"/>
      <line num="246" type="stmt" count="0"/>
      <line num="247" type="stmt" count="0"/>
      <line num="248" type="stmt" count="0"/>
      <line num="249" type="stmt" count="0"/>
      <line num="251" type="stmt" count="0"/>
      <line num="252" type="stmt" count="0"/>
      <line num="253" type="stmt" count="0"/>
      <line num="256" type="stmt" count="0"/>
      <line num="265" type="method" count="20"/>
      <line num="267" type="stmt" count="20"/>
      <line num="276" type="method" count="20"/>
      <line num="278" type="stmt" count="20"/>
      <line num="279" type="stmt" count="20"/>
      <line num="280" type="stmt" count="20"/>
      <line num="283" type="stmt" count="4"/>
      <line num="292" type="method" count="19"/>
      <line num="294" type="stmt" count="19"/>
      <line num="295" type="stmt" count="19"/>
      <line num="296" type="stmt" count="19"/>
      <line num="297" type="stmt" count="19"/>
      <line num="298" type="stmt" count="19"/>
      <line num="299" type="stmt" count="4"/>
      <line num="300" type="stmt" count="4"/>
      <line num="303" type="stmt" count="0"/>
      <line num="312" type="method" count="0"/>
      <line num="314" type="stmt" count="0"/>
      <line num="315" type="stmt" count="0"/>
      <line num="316" type="stmt" count="0"/>
      <line num="317" type="stmt" count="0"/>
      <line num="318" type="stmt" count="0"/>
      <line num="319" type="stmt" count="0"/>
      <line num="320" type="stmt" count="0"/>
      <line num="323" type="stmt" count="0"/>
      <line num="324" type="stmt" count="0"/>
      <line num="325" type="stmt" count="0"/>
      <line num="326" type="stmt" count="0"/>
      <line num="327" type="stmt" count="0"/>
      <line num="328" type="stmt" count="0"/>
      <line num="330" type="stmt" count="0"/>
      <line num="332" type="stmt" count="0"/>
      <line num="335" type="stmt" count="0"/>
      <line num="348" type="method" count="20"/>
      <line num="350" type="stmt" count="20"/>
      <line num="351" type="stmt" count="20"/>
      <line num="352" type="stmt" count="19"/>
      <line num="355" type="stmt" count="5"/>
      <line num="356" type="stmt" count="1"/>
      <line num="357" type="stmt" count="1"/>
      <line num="358" type="stmt" count="4"/>
      <line num="361" type="stmt" count="5"/>
      <line num="362" type="stmt" count="5"/>
      <line num="363" type="stmt" count="5"/>
      <line num="364" type="stmt" count="5"/>
      <line num="365" type="stmt" count="5"/>
      <line num="366" type="stmt" count="5"/>
      <line num="368" type="stmt" count="5"/>
      <line num="369" type="stmt" count="4"/>
      <line num="370" type="stmt" count="4"/>
      <line num="373" type="stmt" count="5"/>
      <line num="375" type="stmt" count="5"/>
      <line num="376" type="stmt" count="5"/>
      <line num="377" type="stmt" count="5"/>
      <line num="378" type="stmt" count="2"/>
      <line num="379" type="stmt" count="2"/>
      <line num="380" type="stmt" count="2"/>
      <line num="381" type="stmt" count="0"/>
      <line num="383" type="stmt" count="2"/>
      <line num="384" type="stmt" count="2"/>
      <line num="387" type="stmt" count="4"/>
      <line num="388" type="stmt" count="5"/>
      <line num="390" type="stmt" count="0"/>
      <line num="391" type="stmt" count="0"/>
      <line num="392" type="stmt" count="0"/>
      <line num="395" type="stmt" count="0"/>
      <line num="396" type="stmt" count="0"/>
      <line num="397" type="stmt" count="0"/>
      <line num="398" type="stmt" count="0"/>
      <line num="399" type="stmt" count="0"/>
      <line num="400" type="stmt" count="0"/>
      <line num="403" type="stmt" count="5"/>
      <line num="404" type="stmt" count="1"/>
      <line num="405" type="stmt" count="1"/>
      <line num="407" type="stmt" count="4"/>
      <line num="408" type="stmt" count="4"/>
      <line num="410" type="stmt" count="5"/>
      <line num="423" type="method" count="0"/>
      <line num="425" type="stmt" count="0"/>
      <line num="426" type="stmt" count="0"/>
      <line num="427" type="stmt" count="0"/>
      <line num="430" type="stmt" count="0"/>
      <line num="431" type="stmt" count="0"/>
      <line num="432" type="stmt" count="0"/>
      <line num="434" type="stmt" count="0"/>
      <line num="435" type="stmt" count="0"/>
      <line num="436" type="stmt" count="0"/>
      <line num="438" type="stmt" count="0"/>
      <line num="439" type="stmt" count="0"/>
      <line num="440" type="stmt" count="0"/>
      <line num="443" type="stmt" count="0"/>
      <line num="444" type="stmt" count="0"/>
      <line num="451" type="method" count="5"/>
      <line num="453" type="stmt" count="5"/>
      <line num="462" type="method" count="0"/>
      <line num="464" type="stmt" count="0"/>
      <line num="465" type="stmt" count="0"/>
      <line num="466" type="stmt" count="0"/>
      <line num="467" type="stmt" count="0"/>
      <line num="469" type="stmt" count="0"/>
      <line num="470" type="stmt" count="0"/>
      <line num="471" type="stmt" count="0"/>
      <line num="473" type="stmt" count="0"/>
      <line num="475" type="stmt" count="1"/>
      <metrics loc="474" ncloc="312" classes="1" methods="14" coveredmethods="9" statements="166" coveredstatements="72" elements="180" coveredelements="81"/>
    </file>
    <file name="/usr/local/zend/share/ZendFramework/library/Zend/Filter/Interface.php">
      <line num="39" type="stmt" count="0"/>
      <line num="41" type="stmt" count="1"/>
      <metrics loc="40" ncloc="8" classes="0" methods="0" coveredmethods="0" statements="2" coveredstatements="1" elements="2" coveredelements="1"/>
    </file>
    <file name="/usr/local/zend/share/ZendFramework/library/Zend/Filter/Inflector.php">
      <class name="Zend_Filter_Inflector" namespace="global" fullPackage="Zend_Filter" category="Zend" package="Zend_Filter">
        <metrics methods="24" coveredmethods="10" statements="102" coveredstatements="59" elements="126" coveredelements="69"/>
      </class>
      <line num="26" type="stmt" count="1"/>
      <line num="31" type="stmt" count="1"/>
      <line num="41" type="stmt" count="1"/>
      <line num="74" type="method" count="20"/>
      <line num="76" type="stmt" count="20"/>
      <line num="77" type="stmt" count="0"/>
      <line num="79" type="stmt" count="20"/>
      <line num="80" type="stmt" count="20"/>
      <line num="83" type="stmt" count="20"/>
      <line num="84" type="stmt" count="20"/>
      <line num="87" type="stmt" count="20"/>
      <line num="88" type="stmt" count="0"/>
      <line num="91" type="stmt" count="20"/>
      <line num="92" type="stmt" count="0"/>
      <line num="95" type="stmt" count="20"/>
      <line num="102" type="method" count="20"/>
      <line num="104" type="stmt" count="20"/>
      <line num="105" type="stmt" count="20"/>
      <line num="108" type="stmt" count="20"/>
      <line num="117" type="method" count="0"/>
      <line num="119" type="stmt" count="0"/>
      <line num="120" type="stmt" count="0"/>
      <line num="129" type="method" count="0"/>
      <line num="131" type="stmt" count="0"/>
      <line num="133" type="stmt" count="0"/>
      <line num="134" type="stmt" count="0"/>
      <line num="135" type="stmt" count="0"/>
      <line num="136" type="stmt" count="0"/>
      <line num="137" type="stmt" count="0"/>
      <line num="140" type="stmt" count="0"/>
      <line num="141" type="stmt" count="0"/>
      <line num="142" type="stmt" count="0"/>
      <line num="143" type="stmt" count="0"/>
      <line num="144" type="stmt" count="0"/>
      <line num="145" type="stmt" count="0"/>
      <line num="146" type="stmt" count="0"/>
      <line num="147" type="stmt" count="0"/>
      <line num="148" type="stmt" count="0"/>
      <line num="149" type="stmt" count="0"/>
      <line num="150" type="stmt" count="0"/>
      <line num="151" type="stmt" count="0"/>
      <line num="152" type="stmt" count="0"/>
      <line num="153" type="stmt" count="0"/>
      <line num="157" type="stmt" count="0"/>
      <line num="158" type="stmt" count="0"/>
      <line num="168" type="method" count="0"/>
      <line num="170" type="stmt" count="0"/>
      <line num="171" type="stmt" count="0"/>
      <line num="181" type="method" count="0"/>
      <line num="183" type="stmt" count="0"/>
      <line num="184" type="stmt" count="0"/>
      <line num="192" type="method" count="0"/>
      <line num="194" type="stmt" count="0"/>
      <line num="203" type="method" count="0"/>
      <line num="205" type="stmt" count="0"/>
      <line num="206" type="stmt" count="0"/>
      <line num="214" type="method" count="0"/>
      <line num="216" type="stmt" count="0"/>
      <line num="226" type="method" count="20"/>
      <line num="228" type="stmt" count="20"/>
      <line num="229" type="stmt" count="20"/>
      <line num="237" type="method" count="0"/>
      <line num="239" type="stmt" count="0"/>
      <line num="248" type="method" count="0"/>
      <line num="250" type="stmt" count="0"/>
      <line num="251" type="stmt" count="0"/>
      <line num="261" type="method" count="20"/>
      <line num="263" type="stmt" count="20"/>
      <line num="264" type="stmt" count="20"/>
      <line num="265" type="stmt" count="20"/>
      <line num="284" type="method" count="20"/>
      <line num="286" type="stmt" count="20"/>
      <line num="287" type="stmt" count="20"/>
      <line num="288" type="stmt" count="20"/>
      <line num="289" type="stmt" count="20"/>
      <line num="290" type="stmt" count="20"/>
      <line num="291" type="stmt" count="0"/>
      <line num="293" type="stmt" count="20"/>
      <line num="295" type="stmt" count="20"/>
      <line num="307" type="method" count="0"/>
      <line num="309" type="stmt" count="0"/>
      <line num="310" type="stmt" count="0"/>
      <line num="311" type="stmt" count="0"/>
      <line num="312" type="stmt" count="0"/>
      <line num="314" type="stmt" count="0"/>
      <line num="317" type="stmt" count="0"/>
      <line num="327" type="method" count="0"/>
      <line num="329" type="stmt" count="0"/>
      <line num="330" type="stmt" count="0"/>
      <line num="331" type="stmt" count="0"/>
      <line num="332" type="stmt" count="0"/>
      <line num="335" type="stmt" count="0"/>
      <line num="343" type="method" count="20"/>
      <line num="345" type="stmt" count="20"/>
      <line num="346" type="stmt" count="20"/>
      <line num="357" type="method" count="0"/>
      <line num="359" type="stmt" count="0"/>
      <line num="360" type="stmt" count="0"/>
      <line num="361" type="stmt" count="0"/>
      <line num="371" type="method" count="20"/>
      <line num="373" type="stmt" count="20"/>
      <line num="374" type="stmt" count="20"/>
      <line num="375" type="stmt" count="20"/>
      <line num="377" type="stmt" count="20"/>
      <line num="378" type="stmt" count="0"/>
      <line num="380" type="stmt" count="20"/>
      <line num="381" type="stmt" count="20"/>
      <line num="382" type="stmt" count="20"/>
      <line num="383" type="stmt" count="20"/>
      <line num="393" type="method" count="0"/>
      <line num="395" type="stmt" count="0"/>
      <line num="396" type="stmt" count="0"/>
      <line num="397" type="stmt" count="0"/>
      <line num="411" type="method" count="0"/>
      <line num="413" type="stmt" count="0"/>
      <line num="414" type="stmt" count="0"/>
      <line num="415" type="stmt" count="0"/>
      <line num="424" type="method" count="20"/>
      <line num="427" type="stmt" count="20"/>
      <line num="428" type="stmt" count="20"/>
      <line num="429" type="stmt" count="20"/>
      <line num="431" type="stmt" count="20"/>
      <line num="432" type="stmt" count="20"/>
      <line num="434" type="stmt" count="20"/>
      <line num="435" type="stmt" count="20"/>
      <line num="436" type="stmt" count="20"/>
      <line num="438" type="stmt" count="0"/>
      <line num="439" type="stmt" count="20"/>
      <line num="440" type="stmt" count="20"/>
      <line num="441" type="stmt" count="20"/>
      <line num="442" type="stmt" count="20"/>
      <line num="443" type="stmt" count="20"/>
      <line num="444" type="stmt" count="20"/>
      <line num="446" type="stmt" count="20"/>
      <line num="447" type="stmt" count="0"/>
      <line num="449" type="stmt" count="20"/>
      <line num="452" type="stmt" count="20"/>
      <line num="454" type="stmt" count="20"/>
      <line num="455" type="stmt" count="0"/>
      <line num="456" type="stmt" count="0"/>
      <line num="459" type="stmt" count="20"/>
      <line num="468" type="method" count="20"/>
      <line num="470" type="stmt" count="20"/>
      <line num="479" type="method" count="20"/>
      <line num="481" type="stmt" count="20"/>
      <line num="482" type="stmt" count="0"/>
      <line num="485" type="stmt" count="20"/>
      <line num="487" type="stmt" count="20"/>
      <line num="488" type="stmt" count="20"/>
      <line num="489" type="stmt" count="20"/>
      <line num="490" type="stmt" count="0"/>
      <line num="491" type="stmt" count="0"/>
      <line num="494" type="stmt" count="20"/>
      <line num="498" type="stmt" count="1"/>
      <metrics loc="497" ncloc="276" classes="1" methods="24" coveredmethods="10" statements="130" coveredstatements="63" elements="154" coveredelements="73"/>
    </file>
    <file name="/usr/local/zend/share/ZendFramework/library/Zend/Loader/PluginLoader/Interface.php">
      <line num="40" type="stmt" count="0"/>
      <line num="49" type="stmt" count="0"/>
      <line num="57" type="stmt" count="0"/>
      <line num="65" type="stmt" count="0"/>
      <line num="73" type="stmt" count="0"/>
      <line num="75" type="stmt" count="1"/>
      <metrics loc="74" ncloc="14" classes="0" methods="0" coveredmethods="0" statements="6" coveredstatements="1" elements="6" coveredelements="1"/>
    </file>
    <file name="/usr/local/zend/share/ZendFramework/library/Zend/Filter/Word/CamelCaseToSeparator.php">
      <class name="Zend_Filter_Word_CamelCaseToSeparator" namespace="global" fullPackage="Zend_Filter" category="Zend" package="Zend_Filter">
        <metrics methods="1" coveredmethods="1" statements="6" coveredstatements="5" elements="7" coveredelements="6"/>
      </class>
      <line num="25" type="stmt" count="1"/>
      <line num="33" type="stmt" count="1"/>
      <line num="36" type="method" count="20"/>
      <line num="38" type="stmt" count="20"/>
      <line num="39" type="stmt" count="20"/>
      <line num="40" type="stmt" count="20"/>
      <line num="41" type="stmt" count="20"/>
      <line num="42" type="stmt" count="0"/>
      <line num="43" type="stmt" count="0"/>
      <line num="46" type="stmt" count="20"/>
      <line num="50" type="stmt" count="1"/>
      <metrics loc="49" ncloc="21" classes="1" methods="1" coveredmethods="1" statements="10" coveredstatements="8" elements="11" coveredelements="9"/>
    </file>
    <file name="/usr/local/zend/share/ZendFramework/library/Zend/Filter/Word/Separator/Abstract.php">
      <class name="Zend_Filter_Word_Separator_Abstract" namespace="global" fullPackage="Zend_Filter" category="Zend" package="Zend_Filter">
        <metrics methods="3" coveredmethods="2" statements="5" coveredstatements="5" elements="8" coveredelements="7"/>
      </class>
      <line num="25" type="stmt" count="1"/>
      <line num="34" type="stmt" count="1"/>
      <line num="45" type="method" count="20"/>
      <line num="47" type="stmt" count="20"/>
      <line num="48" type="stmt" count="20"/>
      <line num="56" type="method" count="20"/>
      <line num="58" type="stmt" count="20"/>
      <line num="59" type="stmt" count="0"/>
      <line num="60" type="stmt" count="0"/>
      <line num="62" type="stmt" count="20"/>
      <line num="63" type="stmt" count="20"/>
      <line num="71" type="method" count="0"/>
      <line num="73" type="stmt" count="0"/>
      <line num="76" type="stmt" count="1"/>
      <metrics loc="76" ncloc="30" classes="1" methods="3" coveredmethods="2" statements="11" coveredstatements="8" elements="14" coveredelements="10"/>
    </file>
    <file name="/usr/local/zend/share/ZendFramework/library/Zend/Loader/Autoloader/Resource.php">
      <class name="Zend_Loader_Autoloader_Resource" namespace="global" fullPackage="Zend_Loader.Autoloader" package="Zend_Loader" subpackage="Autoloader">
        <metrics methods="18" coveredmethods="8" statements="102" coveredstatements="52" elements="120" coveredelements="60"/>
      </class>
      <line num="24" type="stmt" count="1"/>
      <line num="35" type="stmt" count="1"/>
      <line num="68" type="method" count="27"/>
      <line num="70" type="stmt" count="27"/>
      <line num="71" type="stmt" count="0"/>
      <line num="73" type="stmt" count="27"/>
      <line num="74" type="stmt" count="0"/>
      <line num="75" type="stmt" count="0"/>
      <line num="78" type="stmt" count="27"/>
      <line num="80" type="stmt" count="27"/>
      <line num="81" type="stmt" count="27"/>
      <line num="82" type="stmt" count="27"/>
      <line num="83" type="stmt" count="27"/>
      <line num="84" type="stmt" count="0"/>
      <line num="85" type="stmt" count="0"/>
      <line num="88" type="stmt" count="27"/>
      <line num="89" type="stmt" count="27"/>
      <line num="111" type="method" count="0"/>
      <line num="113" type="stmt" count="0"/>
      <line num="114" type="stmt" count="0"/>
      <line num="115" type="stmt" count="0"/>
      <line num="116" type="stmt" count="0"/>
      <line num="117" type="stmt" count="0"/>
      <line num="119" type="stmt" count="0"/>
      <line num="120" type="stmt" count="0"/>
      <line num="121" type="stmt" count="0"/>
      <line num="123" type="stmt" count="0"/>
      <line num="124" type="stmt" count="0"/>
      <line num="127" type="stmt" count="0"/>
      <line num="128" type="stmt" count="0"/>
      <line num="137" type="method" count="7"/>
      <line num="139" type="stmt" count="7"/>
      <line num="140" type="stmt" count="7"/>
      <line num="141" type="stmt" count="7"/>
      <line num="143" type="stmt" count="0"/>
      <line num="144" type="stmt" count="7"/>
      <line num="145" type="stmt" count="7"/>
      <line num="147" type="stmt" count="0"/>
      <line num="151" type="stmt" count="7"/>
      <line num="153" type="stmt" count="0"/>
      <line num="156" type="stmt" count="7"/>
      <line num="157" type="stmt" count="7"/>
      <line num="158" type="stmt" count="7"/>
      <line num="160" type="stmt" count="7"/>
      <line num="161" type="stmt" count="7"/>
      <line num="162" type="stmt" count="7"/>
      <line num="163" type="stmt" count="7"/>
      <line num="165" type="stmt" count="7"/>
      <line num="167" type="stmt" count="0"/>
      <line num="168" type="stmt" count="3"/>
      <line num="171" type="stmt" count="7"/>
      <line num="172" type="stmt" count="7"/>
      <line num="173" type="stmt" count="7"/>
      <line num="182" type="method" count="27"/>
      <line num="184" type="stmt" count="27"/>
      <line num="185" type="stmt" count="27"/>
      <line num="186" type="stmt" count="27"/>
      <line num="187" type="stmt" count="27"/>
      <line num="188" type="stmt" count="27"/>
      <line num="190" type="stmt" count="27"/>
      <line num="191" type="stmt" count="27"/>
      <line num="200" type="method" count="27"/>
      <line num="202" type="stmt" count="27"/>
      <line num="203" type="stmt" count="27"/>
      <line num="211" type="method" count="27"/>
      <line num="213" type="stmt" count="27"/>
      <line num="222" type="method" count="27"/>
      <line num="224" type="stmt" count="27"/>
      <line num="225" type="stmt" count="27"/>
      <line num="233" type="method" count="27"/>
      <line num="235" type="stmt" count="27"/>
      <line num="246" type="method" count="27"/>
      <line num="248" type="stmt" count="27"/>
      <line num="249" type="stmt" count="27"/>
      <line num="250" type="stmt" count="27"/>
      <line num="251" type="stmt" count="0"/>
      <line num="252" type="stmt" count="0"/>
      <line num="254" type="stmt" count="27"/>
      <line num="255" type="stmt" count="27"/>
      <line num="256" type="stmt" count="27"/>
      <line num="257" type="stmt" count="27"/>
      <line num="260" type="stmt" count="27"/>
      <line num="261" type="stmt" count="0"/>
      <line num="262" type="stmt" count="0"/>
      <line num="264" type="stmt" count="27"/>
      <line num="266" type="stmt" count="27"/>
      <line num="267" type="stmt" count="27"/>
      <line num="268" type="stmt" count="27"/>
      <line num="297" type="method" count="0"/>
      <line num="299" type="stmt" count="0"/>
      <line num="300" type="stmt" count="0"/>
      <line num="301" type="stmt" count="0"/>
      <line num="302" type="stmt" count="0"/>
      <line num="304" type="stmt" count="0"/>
      <line num="305" type="stmt" count="0"/>
      <line num="306" type="stmt" count="0"/>
      <line num="308" type="stmt" count="0"/>
      <line num="309" type="stmt" count="0"/>
      <line num="310" type="stmt" count="0"/>
      <line num="311" type="stmt" count="0"/>
      <line num="313" type="stmt" count="0"/>
      <line num="314" type="stmt" count="0"/>
      <line num="315" type="stmt" count="0"/>
      <line num="325" type="method" count="0"/>
      <line num="327" type="stmt" count="0"/>
      <line num="328" type="stmt" count="0"/>
      <line num="336" type="method" count="0"/>
      <line num="338" type="stmt" count="0"/>
      <line num="347" type="method" count="0"/>
      <line num="349" type="stmt" count="0"/>
      <line num="358" type="method" count="0"/>
      <line num="360" type="stmt" count="0"/>
      <line num="361" type="stmt" count="0"/>
      <line num="362" type="stmt" count="0"/>
      <line num="363" type="stmt" count="0"/>
      <line num="365" type="stmt" count="0"/>
      <line num="373" type="method" count="0"/>
      <line num="375" type="stmt" count="0"/>
      <line num="376" type="stmt" count="0"/>
      <line num="377" type="stmt" count="0"/>
      <line num="386" type="method" count="0"/>
      <line num="388" type="stmt" count="0"/>
      <line num="389" type="stmt" count="0"/>
      <line num="391" type="stmt" count="0"/>
      <line num="399" type="method" count="0"/>
      <line num="401" type="stmt" count="0"/>
      <line num="416" type="method" count="0"/>
      <line num="418" type="stmt" count="0"/>
      <line num="419" type="stmt" count="0"/>
      <line num="420" type="stmt" count="0"/>
      <line num="421" type="stmt" count="0"/>
      <line num="422" type="stmt" count="0"/>
      <line num="425" type="stmt" count="0"/>
      <line num="426" type="stmt" count="0"/>
      <line num="427" type="stmt" count="0"/>
      <line num="429" type="stmt" count="0"/>
      <line num="430" type="stmt" count="0"/>
      <line num="431" type="stmt" count="0"/>
      <line num="432" type="stmt" count="0"/>
      <line num="434" type="stmt" count="0"/>
      <line num="437" type="stmt" count="1"/>
      <metrics loc="436" ncloc="241" classes="1" methods="18" coveredmethods="8" statements="123" coveredstatements="55" elements="141" coveredelements="63"/>
    </file>
    <file name="/usr/local/zend/share/ZendFramework/library/Zend/Loader/Autoloader/Interface.php">
      <line num="33" type="stmt" count="0"/>
      <line num="35" type="stmt" count="1"/>
      <metrics loc="34" ncloc="6" classes="0" methods="0" coveredmethods="0" statements="2" coveredstatements="1" elements="2" coveredelements="1"/>
    </file>
    <file name="/home/keith/www/chapter10new/trunk/application/modules/storefront/models/Catalog.php">
      <class name="Storefront_Model_Catalog" namespace="global" fullPackage="Storefront_Model" category="Storefront" package="Storefront_Model">
        <metrics methods="15" coveredmethods="7" statements="68" coveredstatements="32" elements="83" coveredelements="39"/>
      </class>
      <line num="10" type="stmt" count="1"/>
      <line num="18" type="method" count="4"/>
      <line num="20" type="stmt" count="4"/>
      <line num="22" type="stmt" count="4"/>
      <line num="31" type="method" count="3"/>
      <line num="33" type="stmt" count="3"/>
      <line num="36" type="method" count="0"/>
      <line num="38" type="stmt" count="0"/>
      <line num="47" type="method" count="2"/>
      <line num="49" type="stmt" count="2"/>
      <line num="51" type="stmt" count="2"/>
      <line num="60" type="method" count="1"/>
      <line num="62" type="stmt" count="1"/>
      <line num="74" type="method" count="2"/>
      <line num="76" type="stmt" count="2"/>
      <line num="77" type="stmt" count="1"/>
      <line num="78" type="stmt" count="1"/>
      <line num="79" type="stmt" count="1"/>
      <line num="80" type="stmt" count="1"/>
      <line num="83" type="stmt" count="2"/>
      <line num="84" type="stmt" count="2"/>
      <line num="85" type="stmt" count="2"/>
      <line num="86" type="stmt" count="2"/>
      <line num="89" type="stmt" count="2"/>
      <line num="99" type="method" count="3"/>
      <line num="101" type="stmt" count="3"/>
      <line num="102" type="stmt" count="3"/>
      <line num="104" type="stmt" count="1"/>
      <line num="105" type="stmt" count="1"/>
      <line num="107" type="stmt" count="1"/>
      <line num="108" type="stmt" count="1"/>
      <line num="110" type="stmt" count="3"/>
      <line num="112" type="stmt" count="3"/>
      <line num="121" type="method" count="1"/>
      <line num="123" type="stmt" count="1"/>
[...]
      <line num="816" type="stmt" count="0"/>
      <line num="823" type="method" count="0"/>
      <line num="825" type="stmt" count="0"/>
      <line num="827" type="stmt" count="0"/>
      <line num="829" type="stmt" count="0"/>
      <line num="831" type="stmt" count="0"/>
      <line num="835" type="stmt" count="0"/>
      <line num="836" type="stmt" count="0"/>
      <line num="837" type="stmt" count="0"/>
      <line num="838" type="stmt" count="0"/>
      <line num="839" type="stmt" count="0"/>
      <line num="840" type="stmt" count="0"/>
      <line num="842" type="stmt" count="0"/>
      <line num="846" type="stmt" count="0"/>
      <line num="847" type="stmt" count="0"/>
      <line num="849" type="stmt" count="0"/>
      <line num="850" type="stmt" count="0"/>
      <line num="852" type="stmt" count="0"/>
      <line num="862" type="method" count="0"/>
      <line num="864" type="stmt" count="0"/>
      <line num="875" type="method" count="0"/>
      <line num="877" type="stmt" count="0"/>
      <line num="880" type="stmt" count="0"/>
      <line num="881" type="stmt" count="0"/>
      <line num="882" type="stmt" count="0"/>
      <line num="883" type="stmt" count="0"/>
      <line num="884" type="stmt" count="0"/>
      <line num="885" type="stmt" count="0"/>
      <line num="886" type="stmt" count="0"/>
      <line num="887" type="stmt" count="0"/>
      <line num="888" type="stmt" count="0"/>
      <line num="889" type="stmt" count="0"/>
      <line num="890" type="stmt" count="0"/>
      <line num="892" type="stmt" count="0"/>
      <line num="893" type="stmt" count="0"/>
      <line num="896" type="stmt" count="0"/>
      <line num="897" type="stmt" count="0"/>
      <line num="898" type="stmt" count="0"/>
      <line num="901" type="stmt" count="0"/>
      <line num="909" type="method" count="0"/>
      <line num="911" type="stmt" count="0"/>
      <line num="912" type="stmt" count="0"/>
      <line num="921" type="method" count="0"/>
      <line num="923" type="stmt" count="0"/>
      <line num="930" type="stmt" count="0"/>
      <line num="931" type="stmt" count="0"/>
      <line num="939" type="stmt" count="0"/>
      <line num="940" type="stmt" count="0"/>
      <line num="947" type="stmt" count="0"/>
      <line num="948" type="stmt" count="0"/>
      <line num="954" type="stmt" count="0"/>
      <line num="955" type="stmt" count="0"/>
      <line num="962" type="stmt" count="0"/>
      <line num="963" type="stmt" count="0"/>
      <line num="970" type="stmt" count="0"/>
      <line num="971" type="stmt" count="0"/>
      <line num="972" type="stmt" count="0"/>
      <line num="973" type="stmt" count="0"/>
      <line num="976" type="stmt" count="0"/>
      <line num="986" type="method" count="0"/>
      <line num="988" type="stmt" count="0"/>
      <line num="990" type="stmt" count="0"/>
      <line num="994" type="stmt" count="0"/>
      <line num="996" type="stmt" count="0"/>
      <line num="999" type="stmt" count="0"/>
      <line num="1009" type="method" count="0"/>
      <line num="1011" type="stmt" count="0"/>
      <line num="1012" type="stmt" count="0"/>
      <line num="1023" type="method" count="0"/>
      <line num="1025" type="stmt" count="0"/>
      <line num="1026" type="stmt" count="0"/>
      <line num="1027" type="stmt" count="0"/>
      <line num="1028" type="stmt" count="0"/>
      <line num="1029" type="stmt" count="0"/>
      <line num="1030" type="stmt" count="0"/>
      <line num="1031" type="stmt" count="0"/>
      <line num="1032" type="stmt" count="0"/>
      <line num="1033" type="stmt" count="0"/>
      <line num="1034" type="stmt" count="0"/>
      <line num="1035" type="stmt" count="0"/>
      <line num="1036" type="stmt" count="0"/>
      <line num="1037" type="stmt" count="0"/>
      <line num="1039" type="stmt" count="0"/>
      <line num="1040" type="stmt" count="0"/>
      <line num="1041" type="stmt" count="0"/>
      <line num="1042" type="stmt" count="0"/>
      <line num="1043" type="stmt" count="0"/>
      <line num="1044" type="stmt" count="0"/>
      <line num="1049" type="stmt" count="0"/>
      <line num="1051" type="stmt" count="0"/>
      <line num="1052" type="stmt" count="0"/>
      <line num="1061" type="method" count="0"/>
      <line num="1063" type="stmt" count="0"/>
      <line num="1064" type="stmt" count="0"/>
      <line num="1074" type="method" count="0"/>
      <line num="1076" type="stmt" count="0"/>
      <line num="1077" type="stmt" count="0"/>
      <line num="1078" type="stmt" count="0"/>
      <line num="1079" type="stmt" count="0"/>
      <line num="1080" type="stmt" count="0"/>
      <line num="1081" type="stmt" count="0"/>
      <line num="1082" type="stmt" count="0"/>
      <line num="1083" type="stmt" count="0"/>
      <line num="1084" type="stmt" count="0"/>
      <line num="1085" type="stmt" count="0"/>
      <line num="1086" type="stmt" count="0"/>
      <line num="1087" type="stmt" count="0"/>
      <line num="1088" type="stmt" count="0"/>
      <line num="1089" type="stmt" count="0"/>
      <line num="1090" type="stmt" count="0"/>
      <line num="1091" type="stmt" count="0"/>
      <line num="1096" type="stmt" count="0"/>
      <line num="1098" type="stmt" count="0"/>
      <line num="1099" type="stmt" count="0"/>
      <line num="1120" type="method" count="0"/>
      <line num="1122" type="stmt" count="0"/>
      <line num="1123" type="stmt" count="0"/>
      <line num="1124" type="stmt" count="0"/>
      <line num="1126" type="stmt" count="0"/>
      <line num="1127" type="stmt" count="0"/>
      <line num="1128" type="stmt" count="0"/>
      <line num="1131" type="stmt" count="0"/>
      <line num="1132" type="stmt" count="0"/>
      <line num="1133" type="stmt" count="0"/>
      <line num="1136" type="stmt" count="0"/>
      <line num="1137" type="stmt" count="0"/>
      <line num="1138" type="stmt" count="0"/>
      <line num="1142" type="stmt" count="0"/>
      <line num="1143" type="stmt" count="0"/>
      <line num="1145" type="stmt" count="0"/>
      <line num="1146" type="stmt" count="0"/>
      <line num="1147" type="stmt" count="0"/>
      <line num="1148" type="stmt" count="0"/>
      <line num="1149" type="stmt" count="0"/>
      <line num="1151" type="stmt" count="0"/>
      <line num="1152" type="stmt" count="0"/>
      <line num="1153" type="stmt" count="0"/>
      <line num="1155" type="stmt" count="0"/>
      <line num="1156" type="stmt" count="0"/>
      <line num="1157" type="stmt" count="0"/>
      <line num="1159" type="stmt" count="0"/>
      <line num="1160" type="stmt" count="0"/>
      <line num="1161" type="stmt" count="0"/>
      <line num="1162" type="stmt" count="0"/>
      <line num="1163" type="stmt" count="0"/>
      <line num="1164" type="stmt" count="0"/>
      <line num="1165" type="stmt" count="0"/>
      <line num="1166" type="stmt" count="0"/>
      <line num="1167" type="stmt" count="0"/>
      <line num="1168" type="stmt" count="0"/>
      <line num="1169" type="stmt" count="0"/>
      <line num="1170" type="stmt" count="0"/>
      <line num="1171" type="stmt" count="0"/>
      <line num="1172" type="stmt" count="0"/>
      <line num="1173" type="stmt" count="0"/>
      <line num="1174" type="stmt" count="0"/>
      <line num="1177" type="stmt" count="0"/>
      <line num="1191" type="method" count="0"/>
      <line num="1193" type="stmt" count="0"/>
      <line num="1194" type="stmt" count="0"/>
      <line num="1196" type="stmt" count="0"/>
      <line num="1197" type="stmt" count="0"/>
      <line num="1200" type="stmt" count="0"/>
      <line num="1201" type="stmt" count="0"/>
      <line num="1204" type="stmt" count="0"/>
      <line num="1205" type="stmt" count="0"/>
      <line num="1208" type="stmt" count="0"/>
      <line num="1209" type="stmt" count="0"/>
      <line num="1212" type="stmt" count="0"/>
      <line num="1215" type="stmt" count="0"/>
      <line num="1216" type="stmt" count="0"/>
      <line num="1217" type="stmt" count="0"/>
      <line num="1218" type="stmt" count="0"/>
      <line num="1220" type="stmt" count="0"/>
      <line num="1222" type="stmt" count="0"/>
      <line num="1223" type="stmt" count="0"/>
      <line num="1224" type="stmt" count="0"/>
      <line num="1226" type="stmt" count="0"/>
      <line num="1238" type="method" count="0"/>
      <line num="1240" type="stmt" count="0"/>
      <line num="1241" type="stmt" count="0"/>
      <line num="1243" type="stmt" count="0"/>
      <line num="1244" type="stmt" count="0"/>
      <line num="1247" type="stmt" count="0"/>
      <line num="1248" type="stmt" count="0"/>
      <line num="1251" type="stmt" count="0"/>
      <line num="1253" type="stmt" count="0"/>
      <line num="1254" type="stmt" count="0"/>
      <line num="1257" type="stmt" count="0"/>
      <line num="1259" type="stmt" count="0"/>
      <line num="1260" type="stmt" count="0"/>
      <line num="1264" type="stmt" count="0"/>
      <line num="1265" type="stmt" count="0"/>
      <line num="1266" type="stmt" count="0"/>
      <line num="1268" type="stmt" count="0"/>
      <line num="1270" type="stmt" count="0"/>
      <line num="1271" type="stmt" count="0"/>
      <line num="1272" type="stmt" count="0"/>
      <line num="1274" type="stmt" count="0"/>
      <line num="1283" type="method" count="0"/>
      <line num="1285" type="stmt" count="0"/>
      <line num="1295" type="method" count="0"/>
      <line num="1297" type="stmt" count="0"/>
      <line num="1298" type="stmt" count="0"/>
      <line num="1301" type="stmt" count="0"/>
      <line num="1302" type="stmt" count="0"/>
      <line num="1305" type="stmt" count="0"/>
      <line num="1306" type="stmt" count="0"/>
      <line num="1309" type="stmt" count="0"/>
      <line num="1310" type="stmt" count="0"/>
      <line num="1311" type="stmt" count="0"/>
      <line num="1312" type="stmt" count="0"/>
      <line num="1313" type="stmt" count="0"/>
      <line num="1314" type="stmt" count="0"/>
      <line num="1316" type="stmt" count="0"/>
      <line num="1317" type="stmt" count="0"/>
      <line num="1318" type="stmt" count="0"/>
      <line num="1319" type="stmt" count="0"/>
      <line num="1320" type="stmt" count="0"/>
      <line num="1322" type="stmt" count="0"/>
      <line num="1326" type="stmt" count="0"/>
      <line num="1327" type="stmt" count="0"/>
      <line num="1328" type="stmt" count="0"/>
      <line num="1330" type="stmt" count="0"/>
      <line num="1332" type="stmt" count="0"/>
      <line num="1333" type="stmt" count="0"/>
      <line num="1334" type="stmt" count="0"/>
      <line num="1336" type="stmt" count="0"/>
      <line num="1337" type="stmt" count="0"/>
      <line num="1338" type="stmt" count="0"/>
      <line num="1347" type="method" count="0"/>
      <line num="1349" type="stmt" count="0"/>
      <line num="1351" type="stmt" count="0"/>
      <line num="1353" type="stmt" count="0"/>
      <line num="1355" type="stmt" count="0"/>
      <line num="1356" type="stmt" count="0"/>
      <line num="1359" type="stmt" count="0"/>
      <line num="1361" type="stmt" count="0"/>
      <line num="1363" type="stmt" count="0"/>
      <line num="1372" type="method" count="0"/>
      <line num="1374" type="stmt" count="0"/>
      <line num="1375" type="stmt" count="0"/>
      <line num="1378" type="stmt" count="0"/>
      <line num="1379" type="stmt" count="0"/>
      <line num="1380" type="stmt" count="0"/>
      <line num="1382" type="stmt" count="0"/>
      <line num="1391" type="method" count="0"/>
      <line num="1393" type="stmt" count="0"/>
      <line num="1394" type="stmt" count="0"/>
      <line num="1395" type="stmt" count="0"/>
      <line num="1399" type="stmt" count="1"/>
      <metrics loc="1398" ncloc="822" classes="1" methods="51" coveredmethods="3" statements="422" coveredstatements="9" elements="473" coveredelements="12"/>
    </file>
    <file name="/usr/local/zend/share/ZendFramework/library/Zend/Auth/Adapter/Interface.php">
      <line num="27" type="stmt" count="1"/>
      <line num="45" type="stmt" count="0"/>
      <line num="47" type="stmt" count="1"/>
      <metrics loc="46" ncloc="10" classes="0" methods="0" coveredmethods="0" statements="3" coveredstatements="2" elements="3" coveredelements="2"/>
    </file>
    <file name="/home/keith/www/chapter10new/trunk/application/modules/storefront/models/Cart.php">
      <class name="Storefront_Model_Cart" namespace="global" fullPackage="Storefront_Model" category="Storefront" package="Storefront_Model">
        <metrics methods="23" coveredmethods="18" statements="44" coveredstatements="53" elements="67" coveredelements="71"/>
      </class>
      <line num="0" type="stmt" count="10"/>
      <line num="10" type="stmt" count="1"/>
      <line num="47" type="method" count="11"/>
      <line num="49" type="stmt" count="11"/>
      <line num="50" type="stmt" count="11"/>
      <line num="59" type="method" count="7"/>
      <line num="61" type="stmt" count="7"/>
      <line num="62" type="stmt" count="1"/>
      <line num="65" type="stmt" count="7"/>
      <line num="66" type="stmt" count="2"/>
      <line num="67" type="stmt" count="2"/>
      <line num="70" type="stmt" count="6"/>
      <line num="71" type="stmt" count="6"/>
      <line num="72" type="stmt" count="6"/>
      <line num="73" type="stmt" count="6"/>
      <line num="81" type="method" count="4"/>
      <line num="83" type="stmt" count="4"/>
      <line num="84" type="stmt" count="1"/>
      <line num="87" type="stmt" count="4"/>
      <line num="88" type="stmt" count="4"/>
      <line num="91" type="stmt" count="4"/>
      <line num="92" type="stmt" count="4"/>
      <line num="99" type="method" count="11"/>
      <line num="101" type="stmt" count="11"/>
      <line num="102" type="stmt" count="11"/>
      <line num="109" type="method" count="11"/>
      <line num="111" type="stmt" count="11"/>
      <line num="112" type="stmt" count="1"/>
      <line num="114" type="stmt" count="11"/>
      <line num="120" type="method" count="8"/>
      <line num="122" type="stmt" count="8"/>
      <line num="123" type="stmt" count="8"/>
      <line num="124" type="stmt" count="8"/>
      <line num="129" type="method" count="11"/>
      <line num="131" type="stmt" count="11"/>
      <line num="132" type="stmt" count="1"/>
      <line num="134" type="stmt" count="11"/>
      <line num="135" type="stmt" count="1"/>
      <line num="137" type="stmt" count="11"/>
      <line num="142" type="method" count="9"/>
      <line num="144" type="stmt" count="9"/>
      <line num="145" type="stmt" count="6"/>
      <line num="146" type="stmt" count="6"/>
      <line num="147" type="stmt" count="9"/>
      <line num="149" type="stmt" count="9"/>
      <line num="150" type="stmt" count="9"/>
      <line num="151" type="stmt" count="9"/>
      <line num="158" type="method" count="2"/>
      <line num="160" type="stmt" count="2"/>
      <line num="161" type="stmt" count="2"/>
      <line num="162" type="stmt" count="2"/>
      <line num="163" type="stmt" count="2"/>
      <line num="170" type="method" count="8"/>
      <line num="172" type="stmt" count="8"/>
      <line num="173" type="stmt" count="8"/>
      <line num="181" type="method" count="2"/>
      <line num="183" type="stmt" count="2"/>
      <line num="184" type="stmt" count="2"/>
      <line num="192" type="method" count="2"/>
      <line num="194" type="stmt" count="2"/>
      <line num="195" type="stmt" count="2"/>
      <line num="204" type="method" count="0"/>
      <line num="206" type="stmt" count="0"/>
      <line num="215" type="method" count="2"/>
      <line num="217" type="stmt" count="2"/>
      <line num="226" type="method" count="0"/>
      <line num="228" type="stmt" count="0"/>
      <line num="236" type="method" count="0"/>
      <line num="238" type="stmt" count="0"/>
      <line num="239" type="stmt" count="0"/>
      <line num="246" type="method" count="6"/>
      <line num="248" type="stmt" count="6"/>
      <line num="256" type="method" count="0"/>
      <line num="258" type="stmt" count="0"/>
      <line num="267" type="method" count="6"/>
      <line num="269" type="stmt" count="6"/>
      <line num="277" type="method" count="9"/>
      <line num="279" type="stmt" count="9"/>
      <line num="287" type="method" count="9"/>
      <line num="289" type="stmt" count="9"/>
      <line num="297" type="method" count="0"/>
      <line num="299" type="stmt" count="0"/>
      <line num="300" type="stmt" count="0"/>
      <line num="302" type="stmt" count="0"/>
      <line num="303" type="stmt" count="0"/>
      <line num="304" type="stmt" count="0"/>
      <line num="305" type="stmt" count="0"/>
      <line num="307" type="stmt" count="0"/>
      <line num="308" type="stmt" count="0"/>
      <line num="310" type="stmt" count="0"/>
      <line num="317" type="method" count="5"/>
      <line num="319" type="stmt" count="5"/>
      <line num="321" type="stmt" count="1"/>
      <metrics loc="321" ncloc="178" classes="1" methods="23" coveredmethods="18" statements="70" coveredstatements="56" elements="93" coveredelements="74"/>
    </file>
    <file name="/home/keith/www/chapter10new/trunk/application/modules/storefront/models/resources/Cart/Item/Interface.php">
      <line num="4" type="stmt" count="0"/>
      <line num="5" type="stmt" count="1"/>
      <metrics loc="5" ncloc="5" classes="0" methods="0" coveredmethods="0" statements="2" coveredstatements="1" elements="2" coveredelements="1"/>
    </file>
    <file name="/home/keith/www/chapter10new/trunk/application/modules/storefront/services/Taxation.php">
      <class name="Storefront_Service_Taxation" namespace="global" fullPackage="Storefront_Service" category="Storefront" package="Storefront_Service">
        <metrics methods="1" coveredmethods="1" statements="2" coveredstatements="3" elements="3" coveredelements="4"/>
      </class>
      <line num="16" type="method" count="6"/>
      <line num="18" type="stmt" count="6"/>
      <line num="19" type="stmt" count="6"/>
      <line num="21" type="stmt" count="6"/>
      <line num="23" type="stmt" count="1"/>
      <metrics loc="23" ncloc="13" classes="1" methods="1" coveredmethods="1" statements="4" coveredstatements="4" elements="5" coveredelements="5"/>
    </file>
    <file name="/home/keith/www/chapter10new/trunk/application/modules/storefront/models/resources/Cart/Item.php">
      <class name="Storefront_Resource_Cart_Item" namespace="global" fullPackage="Storefront_Model" category="Storefront" package="Storefront_Model">
        <metrics methods="2" coveredmethods="2" statements="13" coveredstatements="15" elements="15" coveredelements="17"/>
      </class>
      <line num="12" type="stmt" count="1"/>
      <line num="21" type="method" count="6"/>
      <line num="23" type="stmt" count="6"/>
      <line num="24" type="stmt" count="6"/>
      <line num="25" type="stmt" count="6"/>
      <line num="26" type="stmt" count="6"/>
      <line num="27" type="stmt" count="6"/>
      <line num="28" type="stmt" count="6"/>
      <line num="29" type="stmt" count="6"/>
      <line num="31" type="method" count="6"/>
      <line num="33" type="stmt" count="6"/>
      <line num="35" type="stmt" count="6"/>
      <line num="36" type="stmt" count="2"/>
      <line num="37" type="stmt" count="2"/>
      <line num="40" type="stmt" count="6"/>
      <line num="41" type="stmt" count="6"/>
      <line num="42" type="stmt" count="6"/>
      <line num="45" type="stmt" count="6"/>
      <line num="47" type="stmt" count="1"/>
      <metrics loc="47" ncloc="37" classes="1" methods="2" coveredmethods="2" statements="17" coveredstatements="17" elements="19" coveredelements="19"/>
    </file>
    <metrics files="105" loc="25874" ncloc="14354" classes="80" methods="912" coveredmethods="310" statements="6745" coveredstatements="2004" elements="7657" coveredelements="2314"/>
  </project>
</coverage>
